Logging to /home/valenyala/repos/tesis-prueba-concepto/tesis-playwrightCrawler/es/../log/es_20260223_run.log
Loading metadata links...
Found 361 metadata links

Crawling all 361 seeds... (run_id=es_20260223)
Write operations will be queued to Redis → neo4j_writes_es
=== START run_id=es_20260223 seeds=361 concurrency=10 max_depth=10 external_max_hops=2 ===

=== Seed 1/361: https://www.idee.es/csw-inspire-idee/srv/spa/catalog.search#/metadata/ES_SPESA_1 ===

=== Seed 2/361: https://www.idee.es/csw-inspire-idee/srv/spa/catalog.search#/metadata/{B0626A1A- ===

=== Seed 3/361: https://www.idee.es/csw-inspire-idee/srv/spa/catalog.search#/metadata/GLG_IET_BT ===

=== Seed 4/361: https://www.idee.es/csw-inspire-idee/srv/spa/catalog.search#/metadata/7f592701-a ===

=== Seed 5/361: https://www.idee.es/csw-inspire-idee/srv/spa/catalog.search#/metadata/0caeb014-8 ===

=== Seed 6/361: https://www.idee.es/csw-inspire-idee/srv/spa/catalog.search#/metadata/4248f2e8-4 ===

=== Seed 7/361: https://www.idee.es/csw-inspire-idee/srv/spa/catalog.search#/metadata/7ae2baac-8 ===

=== Seed 8/361: https://www.idee.es/csw-inspire-idee/srv/spa/catalog.search#/metadata/d1a50968-0 ===

=== Seed 9/361: https://www.idee.es/csw-inspire-idee/srv/spa/catalog.search#/metadata/0a789324-6 ===

=== Seed 10/361: https://www.idee.es/csw-inspire-idee/srv/spa/catalog.search#/metadata/f5842abc-e ===
CRAWL depth=0 hops=0 site=www.idee.es url=https://www.idee.es/csw-inspire-idee/srv/spa/catalog.search#/metadata/7f592701-ab08-4fc8-8742-117668
CRAWL depth=0 hops=0 site=www.idee.es url=https://www.idee.es/csw-inspire-idee/srv/spa/catalog.search#/metadata/d1a50968-0a7c-47b4-8154-1e3443
CRAWL depth=0 hops=0 site=www.idee.es url=https://www.idee.es/csw-inspire-idee/srv/spa/catalog.search#/metadata/0caeb014-8a1e-4316-94d4-b712d6
CRAWL depth=0 hops=0 site=www.idee.es url=https://www.idee.es/csw-inspire-idee/srv/spa/catalog.search#/metadata/%7BB0626A1A-4607-401E-8E0F-1A3
CRAWL depth=0 hops=0 site=www.idee.es url=https://www.idee.es/csw-inspire-idee/srv/spa/catalog.search#/metadata/0a789324-6ab0-46a7-bccb-cadd08
CRAWL depth=0 hops=0 site=www.idee.es url=https://www.idee.es/csw-inspire-idee/srv/spa/catalog.search#/metadata/f5842abc-e2c1-44f2-a6d0-353fb7
CRAWL depth=0 hops=0 site=www.idee.es url=https://www.idee.es/csw-inspire-idee/srv/spa/catalog.search#/metadata/4248f2e8-4431-4f99-a5be-2adedc
CRAWL depth=0 hops=0 site=www.idee.es url=https://www.idee.es/csw-inspire-idee/srv/spa/catalog.search#/metadata/7ae2baac-8bc2-48b3-93c5-facccd
CRAWL depth=0 hops=0 site=www.idee.es url=https://www.idee.es/csw-inspire-idee/srv/spa/catalog.search#/metadata/ES_SPESA_1125MSRIE_20111201
CRAWL depth=0 hops=0 site=www.idee.es url=https://www.idee.es/csw-inspire-idee/srv/spa/catalog.search#/metadata/GLG_IET_BTG500023029_20120330
CRAWL depth=1 hops=0 site=www.idee.es url=https://www.idee.es/csw-inspire-idee/srv/spa/catalog.search#/home
CRAWL depth=1 hops=1 site=www.mitma.gob.es url=https://www.mitma.gob.es/
CRAWL depth=1 hops=0 site=www.idee.es url=https://www.idee.es/csw-inspire-idee/srv/spa/catalog.search#/catalogue
CRAWL depth=2 hops=0 site=www.idee.es url=https://www.idee.es/csw-inspire-idee/srv/spa/catalog.search#/search
CRAWL depth=3 hops=0 site=www.idee.es url=https://www.idee.es/csw-inspire-idee/srv/spa/catalog.search#/map
CRAWL depth=4 hops=0 site=www.idee.es url=https://www.idee.es/csw-inspire-idee/srv/spa/catalog.search#/search?any=
CRAWL depth=5 hops=0 site=www.idee.es url=https://www.idee.es/csw-inspire-idee/srv/spa/catalog.search#/search?_cat=

=== Seed 11/361: https://www.idee.es/csw-inspire-idee/srv/spa/catalog.search#/metadata/12118966-5 ===
CRAWL depth=0 hops=0 site=www.idee.es url=https://www.idee.es/csw-inspire-idee/srv/spa/catalog.search#/metadata/12118966-57b2-4ff1-b2e4-fbb219

=== Seed 12/361: https://www.idee.es/csw-inspire-idee/srv/spa/catalog.search#/metadata/e097412c-1 ===
ERROR depth=1 url=https://www.idee.es/csw-inspire-idee/srv/spa/catalog.search#/search — Page.goto: Timeout 30000ms exceeded.
Call log:
  - navigating to "https://www.idee.es/csw-inspire-idee/srv/spa/catalog.search#/search", waiting until "networkidle"

ERROR depth=1 url=https://www.idee.es/csw-inspire-idee/srv/spa/catalog.search#/search — Page.goto: Timeout 30000ms exceeded.
Call log:
  - navigating to "https://www.idee.es/csw-inspire-idee/srv/spa/catalog.search#/search", waiting until "networkidle"

ERROR depth=1 url=https://www.idee.es/csw-inspire-idee/srv/spa/catalog.search#/search — Page.goto: Timeout 30000ms exceeded.
Call log:
  - navigating to "https://www.idee.es/csw-inspire-idee/srv/spa/catalog.search#/search", waiting until "networkidle"


=== Seed 13/361: https://www.idee.es/csw-inspire-idee/srv/spa/catalog.search#/metadata/81443ed6-4 ===

=== Seed 14/361: https://www.idee.es/csw-inspire-idee/srv/spa/catalog.search#/metadata/7f53781d-c ===

=== Seed 15/361: https://www.idee.es/csw-inspire-idee/srv/spa/catalog.search#/metadata/c63e5a5d-9 ===
ERROR depth=2 url=https://www.idee.es/csw-inspire-idee/srv/spa/catalog.search#/search — Page.goto: Timeout 30000ms exceeded.
Call log:
  - navigating to "https://www.idee.es/csw-inspire-idee/srv/spa/catalog.search#/search", waiting until "networkidle"


=== Seed 16/361: https://www.idee.es/csw-inspire-idee/srv/spa/catalog.search#/metadata/649d2737-5 ===
ERROR depth=1 url=https://www.idee.es/csw-inspire-idee/srv/spa/catalog.search#/search — Page.goto: Timeout 30000ms exceeded.
Call log:
  - navigating to "https://www.idee.es/csw-inspire-idee/srv/spa/catalog.search#/search", waiting until "networkidle"


=== Seed 17/361: https://www.idee.es/csw-inspire-idee/srv/spa/catalog.search#/metadata/f7f91019-8 ===
ERROR depth=1 url=https://www.idee.es/csw-inspire-idee/srv/spa/catalog.search#/search — Page.goto: Timeout 30000ms exceeded.
Call log:
  - navigating to "https://www.idee.es/csw-inspire-idee/srv/spa/catalog.search#/search", waiting until "networkidle"


=== Seed 18/361: https://www.idee.es/csw-inspire-idee/srv/spa/catalog.search#/metadata/a62d311f-5 ===
ERROR depth=1 url=https://www.idee.es/csw-inspire-idee/srv/spa/catalog.search#/search — Page.goto: Timeout 30000ms exceeded.
Call log:
  - navigating to "https://www.idee.es/csw-inspire-idee/srv/spa/catalog.search#/search", waiting until "networkidle"


=== Seed 19/361: https://www.idee.es/csw-inspire-idee/srv/spa/catalog.search#/metadata/199ddce8-d ===
ERROR depth=1 url=https://www.idee.es/csw-inspire-idee/srv/spa/catalog.search#/search — Page.goto: Timeout 30000ms exceeded.
Call log:
  - navigating to "https://www.idee.es/csw-inspire-idee/srv/spa/catalog.search#/search", waiting until "networkidle"


=== Seed 20/361: https://www.idee.es/csw-inspire-idee/srv/spa/catalog.search#/metadata/23e92aff-5 ===
ERROR depth=1 url=https://www.idee.es/csw-inspire-idee/srv/spa/catalog.search#/search — Page.goto: Timeout 30000ms exceeded.
Call log:
  - navigating to "https://www.idee.es/csw-inspire-idee/srv/spa/catalog.search#/search", waiting until "networkidle"


=== Seed 21/361: https://www.idee.es/csw-inspire-idee/srv/spa/catalog.search#/metadata/c7e47f75-2 ===
CRAWL depth=0 hops=0 site=www.idee.es url=https://www.idee.es/csw-inspire-idee/srv/spa/catalog.search#/metadata/e097412c-123f-4293-a24a-d1581f

=== Seed 22/361: https://www.idee.es/csw-inspire-idee/srv/spa/catalog.search#/metadata/c10602d5-c ===
CRAWL depth=0 hops=0 site=www.idee.es url=https://www.idee.es/csw-inspire-idee/srv/spa/catalog.search#/metadata/a62d311f-5f8c-446f-b607-015aea
CRAWL depth=0 hops=0 site=www.idee.es url=https://www.idee.es/csw-inspire-idee/srv/spa/catalog.search#/metadata/23e92aff-59ac-49bc-ac2f-5ef238
CRAWL depth=0 hops=0 site=www.idee.es url=https://www.idee.es/csw-inspire-idee/srv/spa/catalog.search#/metadata/199ddce8-d246-47d4-8ad9-7ba869
CRAWL depth=0 hops=0 site=www.idee.es url=https://www.idee.es/csw-inspire-idee/srv/spa/catalog.search#/metadata/c7e47f75-2bf8-4073-9a8e-90c0af

=== Seed 23/361: https://www.idee.es/csw-inspire-idee/srv/spa/catalog.search#/metadata/2e387f9f-b ===

=== Seed 24/361: https://www.idee.es/csw-inspire-idee/srv/spa/catalog.search#/metadata/5f211212-e ===

=== Seed 25/361: https://www.idee.es/csw-inspire-idee/srv/spa/catalog.search#/metadata/7afd2af2-3 ===

=== Seed 26/361: https://www.idee.es/csw-inspire-idee/srv/spa/catalog.search#/metadata/4d1858d1-f ===
CRAWL depth=0 hops=0 site=www.idee.es url=https://www.idee.es/csw-inspire-idee/srv/spa/catalog.search#/metadata/7f53781d-c8c7-4505-b317-1638bb
CRAWL depth=0 hops=0 site=www.idee.es url=https://www.idee.es/csw-inspire-idee/srv/spa/catalog.search#/metadata/c63e5a5d-9b1f-4a90-894f-005ec5

=== Seed 27/361: https://www.idee.es/csw-inspire-idee/srv/spa/catalog.search#/metadata/9c7b1266-c ===

=== Seed 28/361: https://www.idee.es/csw-inspire-idee/srv/spa/catalog.search#/metadata/db48f197-a ===
CRAWL depth=0 hops=0 site=www.idee.es url=https://www.idee.es/csw-inspire-idee/srv/spa/catalog.search#/metadata/649d2737-5c83-4e31-af10-9336f3
CRAWL depth=0 hops=0 site=www.idee.es url=https://www.idee.es/csw-inspire-idee/srv/spa/catalog.search#/metadata/81443ed6-4a12-41f0-a46a-cbf6c2

=== Seed 29/361: https://www.idee.es/csw-inspire-idee/srv/spa/catalog.search#/metadata/1c6dff36-6 ===

=== Seed 30/361: https://www.idee.es/csw-inspire-idee/srv/spa/catalog.search#/metadata/da538917-e ===
CRAWL depth=0 hops=0 site=www.idee.es url=https://www.idee.es/csw-inspire-idee/srv/spa/catalog.search#/metadata/f7f91019-8b00-4d36-9679-d51a1c

=== Seed 31/361: https://www.idee.es/csw-inspire-idee/srv/spa/catalog.search#/metadata/94cfee4b-8 ===
CRAWL depth=0 hops=0 site=www.idee.es url=https://www.idee.es/csw-inspire-idee/srv/spa/catalog.search#/metadata/c10602d5-c444-47d7-bf25-d57176

=== Seed 32/361: https://www.idee.es/csw-inspire-idee/srv/spa/catalog.search#/metadata/aad12722-6 ===
CRAWL depth=0 hops=0 site=www.idee.es url=https://www.idee.es/csw-inspire-idee/srv/spa/catalog.search#/metadata/5f211212-ee36-4d49-acab-29f74b
CRAWL depth=0 hops=0 site=www.idee.es url=https://www.idee.es/csw-inspire-idee/srv/spa/catalog.search#/metadata/7afd2af2-384f-4ffd-839d-f527a9
CRAWL depth=0 hops=0 site=www.idee.es url=https://www.idee.es/csw-inspire-idee/srv/spa/catalog.search#/metadata/2e387f9f-b3b1-4ac1-926c-578c91

=== Seed 33/361: https://www.idee.es/csw-inspire-idee/srv/spa/catalog.search#/metadata/479bf81b-a ===
CRAWL depth=0 hops=0 site=www.idee.es url=https://www.idee.es/csw-inspire-idee/srv/spa/catalog.search#/metadata/4d1858d1-f56f-4b9f-91af-8463b7

=== Seed 34/361: https://www.idee.es/csw-inspire-idee/srv/spa/catalog.search#/metadata/b22aa451-b ===

=== Seed 35/361: https://www.idee.es/csw-inspire-idee/srv/spa/catalog.search#/metadata/89a66971-5 ===

=== Seed 36/361: https://www.idee.es/csw-inspire-idee/srv/spa/catalog.search#/metadata/53b65087-7 ===
CRAWL depth=0 hops=0 site=www.idee.es url=https://www.idee.es/csw-inspire-idee/srv/spa/catalog.search#/metadata/9c7b1266-c7be-429b-a649-b4dc96

=== Seed 37/361: https://www.idee.es/csw-inspire-idee/srv/spa/catalog.search#/metadata/6f8137a6-8 ===
CRAWL depth=0 hops=0 site=www.idee.es url=https://www.idee.es/csw-inspire-idee/srv/spa/catalog.search#/metadata/db48f197-a17f-4f86-9e66-447da0

=== Seed 38/361: https://www.idee.es/csw-inspire-idee/srv/spa/catalog.search#/metadata/9d020277-5 ===
CRAWL depth=0 hops=0 site=www.idee.es url=https://www.idee.es/csw-inspire-idee/srv/spa/catalog.search#/metadata/1c6dff36-6933-4cb4-b8fb-049657
CRAWL depth=0 hops=0 site=www.idee.es url=https://www.idee.es/csw-inspire-idee/srv/spa/catalog.search#/metadata/da538917-eafa-45a1-b67c-3ffab8
CRAWL depth=0 hops=0 site=www.idee.es url=https://www.idee.es/csw-inspire-idee/srv/spa/catalog.search#/metadata/94cfee4b-82bf-451e-a622-9145e6

=== Seed 39/361: https://www.idee.es/csw-inspire-idee/srv/spa/catalog.search#/metadata/31e3bdc3-8 ===

=== Seed 40/361: https://www.idee.es/csw-inspire-idee/srv/spa/catalog.search#/metadata/19b37dfa-3 ===

=== Seed 41/361: https://www.idee.es/csw-inspire-idee/srv/spa/catalog.search#/metadata/md_ideeu_i ===
CRAWL depth=0 hops=0 site=www.idee.es url=https://www.idee.es/csw-inspire-idee/srv/spa/catalog.search#/metadata/aad12722-6967-4302-a53c-772e95

=== Seed 42/361: https://www.idee.es/csw-inspire-idee/srv/spa/catalog.search#/metadata/b28939be-7 ===
CRAWL depth=0 hops=0 site=www.idee.es url=https://www.idee.es/csw-inspire-idee/srv/spa/catalog.search#/metadata/479bf81b-a9db-4ec2-b35f-14ed33
CRAWL depth=0 hops=0 site=www.idee.es url=https://www.idee.es/csw-inspire-idee/srv/spa/catalog.search#/metadata/53b65087-717c-4296-8d80-c05253

=== Seed 43/361: https://www.idee.es/csw-inspire-idee/srv/spa/catalog.search#/metadata/md_ideeu_h ===
CRAWL depth=0 hops=0 site=www.idee.es url=https://www.idee.es/csw-inspire-idee/srv/spa/catalog.search#/metadata/6f8137a6-85e4-4506-af67-91e8f7
CRAWL depth=0 hops=0 site=www.idee.es url=https://www.idee.es/csw-inspire-idee/srv/spa/catalog.search#/metadata/b22aa451-bed2-4150-bb44-d7bacb

=== Seed 44/361: https://www.idee.es/csw-inspire-idee/srv/spa/catalog.search#/metadata/md_ideeu_e ===

=== Seed 45/361: https://www.idee.es/csw-inspire-idee/srv/spa/catalog.search#/metadata/md_ideeu_h ===

=== Seed 46/361: https://www.idee.es/csw-inspire-idee/srv/spa/catalog.search#/metadata/md_ideeu_m ===
CRAWL depth=0 hops=0 site=www.idee.es url=https://www.idee.es/csw-inspire-idee/srv/spa/catalog.search#/metadata/89a66971-517d-4882-8b4a-cd044c

=== Seed 47/361: https://www.idee.es/csw-inspire-idee/srv/spa/catalog.search#/metadata/md_ideeu_e ===
CRAWL depth=0 hops=0 site=www.idee.es url=https://www.idee.es/csw-inspire-idee/srv/spa/catalog.search#/metadata/31e3bdc3-8d82-46fb-910a-d7360f

=== Seed 48/361: https://www.idee.es/csw-inspire-idee/srv/spa/catalog.search#/metadata/md_ideeu_p ===
CRAWL depth=0 hops=0 site=www.idee.es url=https://www.idee.es/csw-inspire-idee/srv/spa/catalog.search#/metadata/md_ideeu_inund_pluv_camb_clim_
CRAWL depth=0 hops=0 site=www.idee.es url=https://www.idee.es/csw-inspire-idee/srv/spa/catalog.search#/metadata/19b37dfa-3199-4d74-9941-11b14f

=== Seed 49/361: https://www.idee.es/csw-inspire-idee/srv/spa/catalog.search#/metadata/md_ideeu_o ===

=== Seed 50/361: https://www.idee.es/csw-inspire-idee/srv/spa/catalog.search#/metadata/md_ideeu_o ===
CRAWL depth=0 hops=0 site=www.idee.es url=https://www.idee.es/csw-inspire-idee/srv/spa/catalog.search#/metadata/9d020277-508e-4a2b-91ec-395d49

=== Seed 51/361: https://www.idee.es/csw-inspire-idee/srv/spa/catalog.search#/metadata/md_ideeu_o ===
CRAWL depth=0 hops=0 site=www.idee.es url=https://www.idee.es/csw-inspire-idee/srv/spa/catalog.search#/metadata/b28939be-714c-436a-8085-fea87c

=== Seed 52/361: https://www.idee.es/csw-inspire-idee/srv/spa/catalog.search#/metadata/md_ideeu_r ===
CRAWL depth=0 hops=0 site=www.idee.es url=https://www.idee.es/csw-inspire-idee/srv/spa/catalog.search#/metadata/md_ideeu_estado_m_agua_es
CRAWL depth=0 hops=0 site=www.idee.es url=https://www.idee.es/csw-inspire-idee/srv/spa/catalog.search#/metadata/md_ideeu_hid_ag_subterraneas_e

=== Seed 53/361: https://www.idee.es/csw-inspire-idee/srv/spa/catalog.search#/metadata/63f5eaf6-5 ===

=== Seed 54/361: https://www.idee.es/csw-inspire-idee/srv/spa/catalog.search#/metadata/md_ideeu_c ===
CRAWL depth=0 hops=0 site=www.idee.es url=https://www.idee.es/csw-inspire-idee/srv/spa/catalog.search#/metadata/md_ideeu_est_ctrl_hidrometeo_e
CRAWL depth=0 hops=0 site=www.idee.es url=https://www.idee.es/csw-inspire-idee/srv/spa/catalog.search#/metadata/md_ideeu_hid_ag_superficiales_
CRAWL depth=0 hops=0 site=www.idee.es url=https://www.idee.es/csw-inspire-idee/srv/spa/catalog.search#/metadata/md_ideeu_mejillon_cebra_es

=== Seed 55/361: https://www.idee.es/csw-inspire-idee/srv/spa/catalog.search#/metadata/md_ideeu_c ===

=== Seed 56/361: https://www.idee.es/csw-inspire-idee/srv/spa/catalog.search#/metadata/md_ideeu_e ===

=== Seed 57/361: https://www.idee.es/csw-inspire-idee/srv/spa/catalog.search#/metadata/md_ideeu_z ===
CRAWL depth=0 hops=0 site=www.idee.es url=https://www.idee.es/csw-inspire-idee/srv/spa/catalog.search#/metadata/md_ideeu_pts_rios_arroyos_es
CRAWL depth=0 hops=0 site=www.idee.es url=https://www.idee.es/csw-inspire-idee/srv/spa/catalog.search#/metadata/md_ideeu_obrashidraulicas_es

=== Seed 58/361: https://www.idee.es/csw-inspire-idee/srv/spa/catalog.search#/metadata/md_ideeu_z ===

=== Seed 59/361: https://www.idee.es/csw-inspire-idee/srv/spa/catalog.search#/metadata/md_ideeu_z ===
CRAWL depth=0 hops=0 site=www.idee.es url=https://www.idee.es/csw-inspire-idee/srv/spa/catalog.search#/metadata/md_ideeu_obj_medambient_es
CRAWL depth=0 hops=0 site=www.idee.es url=https://www.idee.es/csw-inspire-idee/srv/spa/catalog.search#/metadata/md_ideeu_otraszonas_pe_es

=== Seed 60/361: https://www.idee.es/csw-inspire-idee/srv/spa/catalog.search#/metadata/md_ideeu_c ===

=== Seed 61/361: https://www.idee.es/csw-inspire-idee/srv/spa/catalog.search#/metadata/md_ideeu_z ===
CRAWL depth=0 hops=0 site=www.idee.es url=https://www.idee.es/csw-inspire-idee/srv/spa/catalog.search#/metadata/md_ideeu_regletas_nivel_es

=== Seed 62/361: https://www.idee.es/csw-inspire-idee/srv/spa/catalog.search#/metadata/md_ideeu_c ===
CRAWL depth=0 hops=0 site=www.idee.es url=https://www.idee.es/csw-inspire-idee/srv/spa/catalog.search#/metadata/63f5eaf6-5e62-476a-b7b7-068c1f
CRAWL depth=0 hops=0 site=www.idee.es url=https://www.idee.es/csw-inspire-idee/srv/spa/catalog.search#/metadata/md_ideeu_captzonasensi_es

=== Seed 63/361: https://www.idee.es/csw-inspire-idee/srv/spa/catalog.search#/metadata/md_ideeu_z ===

=== Seed 64/361: https://www.idee.es/csw-inspire-idee/srv/spa/catalog.search#/metadata/md_ideeu_z ===
CRAWL depth=0 hops=0 site=www.idee.es url=https://www.idee.es/csw-inspire-idee/srv/spa/catalog.search#/metadata/md_ideeu_caudal_eco_es
CRAWL depth=0 hops=0 site=www.idee.es url=https://www.idee.es/csw-inspire-idee/srv/spa/catalog.search#/metadata/md_ideeu_est_ctrl_estado_es
CRAWL depth=0 hops=0 site=www.idee.es url=https://www.idee.es/csw-inspire-idee/srv/spa/catalog.search#/metadata/md_ideeu_zp_habitat_espec_es

=== Seed 65/361: https://www.idee.es/csw-inspire-idee/srv/spa/catalog.search#/metadata/md_ideeu_c ===

=== Seed 66/361: https://www.idee.es/csw-inspire-idee/srv/spa/catalog.search#/metadata/9b6c65be-6 ===

=== Seed 67/361: https://www.idee.es/csw-inspire-idee/srv/spa/catalog.search#/metadata/5c1c39eb-4 ===
CRAWL depth=0 hops=0 site=www.idee.es url=https://www.idee.es/csw-inspire-idee/srv/spa/catalog.search#/metadata/md_ideeu_zonas_marisqueo_es

=== Seed 68/361: https://www.idee.es/csw-inspire-idee/srv/spa/catalog.search#/metadata/md_ideeu_a ===
CRAWL depth=0 hops=0 site=www.idee.es url=https://www.idee.es/csw-inspire-idee/srv/spa/catalog.search#/metadata/md_ideeu_zpolicia_arpsi_es
CRAWL depth=0 hops=0 site=www.idee.es url=https://www.idee.es/csw-inspire-idee/srv/spa/catalog.search#/metadata/md_ideeu_captacion_abast_es

=== Seed 69/361: https://www.idee.es/csw-inspire-idee/srv/spa/catalog.search#/metadata/md_ideeu_a ===
CRAWL depth=0 hops=0 site=www.idee.es url=https://www.idee.es/csw-inspire-idee/srv/spa/catalog.search#/metadata/md_ideeu_zpe_acuaticas_es

=== Seed 70/361: https://www.idee.es/csw-inspire-idee/srv/spa/catalog.search#/metadata/md_ideeu_z ===

=== Seed 71/361: https://www.idee.es/csw-inspire-idee/srv/spa/catalog.search#/metadata/md_ideeu_c ===
CRAWL depth=0 hops=0 site=www.idee.es url=https://www.idee.es/csw-inspire-idee/srv/spa/catalog.search#/metadata/md_ideeu_cuencas_inter_es

=== Seed 72/361: https://www.idee.es/csw-inspire-idee/srv/spa/catalog.search#/metadata/md_ideeu_p ===
CRAWL depth=0 hops=0 site=www.idee.es url=https://www.idee.es/csw-inspire-idee/srv/spa/catalog.search#/metadata/md_ideeu_zonasensible_es
CRAWL depth=0 hops=0 site=www.idee.es url=https://www.idee.es/csw-inspire-idee/srv/spa/catalog.search#/metadata/md_ideeu_zonabano_es

=== Seed 73/361: https://www.idee.es/csw-inspire-idee/srv/spa/catalog.search#/metadata/a730254e-b ===

=== Seed 74/361: https://www.idee.es/csw-inspire-idee/srv/spa/catalog.search#/metadata/md_ideeu_p ===
CRAWL depth=0 hops=0 site=www.idee.es url=https://www.idee.es/csw-inspire-idee/srv/spa/catalog.search#/metadata/9b6c65be-689f-4f07-806f-bc0f15

=== Seed 75/361: https://www.idee.es/csw-inspire-idee/srv/spa/catalog.search#/metadata/md_ideeu_r ===
CRAWL depth=0 hops=0 site=www.idee.es url=https://www.idee.es/csw-inspire-idee/srv/spa/catalog.search#/metadata/5c1c39eb-4928-428f-b056-d82154
CRAWL depth=0 hops=0 site=www.idee.es url=https://www.idee.es/csw-inspire-idee/srv/spa/catalog.search#/metadata/md_ideeu_captacion_futura_es

=== Seed 76/361: https://www.idee.es/csw-inspire-idee/srv/spa/catalog.search#/metadata/md_ideeu_r ===

=== Seed 77/361: https://www.idee.es/csw-inspire-idee/srv/spa/catalog.search#/metadata/md_ideeu_v ===
CRAWL depth=0 hops=0 site=www.idee.es url=https://www.idee.es/csw-inspire-idee/srv/spa/catalog.search#/metadata/md_ideeu_aglomeraciones_es
CRAWL depth=0 hops=0 site=www.idee.es url=https://www.idee.es/csw-inspire-idee/srv/spa/catalog.search#/metadata/md_ideeu_zvulne_nitrato_es

=== Seed 78/361: https://www.idee.es/csw-inspire-idee/srv/spa/catalog.search#/metadata/md_ideeu_z ===
CRAWL depth=0 hops=0 site=www.idee.es url=https://www.idee.es/csw-inspire-idee/srv/spa/catalog.search#/metadata/md_ideeu_amb_com_demarcacion_e

=== Seed 79/361: https://www.idee.es/csw-inspire-idee/srv/spa/catalog.search#/metadata/md_ideeu_r ===
CRAWL depth=0 hops=0 site=www.idee.es url=https://www.idee.es/csw-inspire-idee/srv/spa/catalog.search#/metadata/md_ideeu_calados_es

=== Seed 80/361: https://www.idee.es/csw-inspire-idee/srv/spa/catalog.search#/metadata/6ffa2b4e-4 ===

=== Seed 81/361: https://www.idee.es/csw-inspire-idee/srv/spa/catalog.search#/metadata/63d55b00-6 ===
CRAWL depth=0 hops=0 site=www.idee.es url=https://www.idee.es/csw-inspire-idee/srv/spa/catalog.search#/metadata/md_ideeu_playas_bano_es

=== Seed 82/361: https://www.idee.es/csw-inspire-idee/srv/spa/catalog.search#/metadata/9f7e3a32-a ===
CRAWL depth=0 hops=0 site=www.idee.es url=https://www.idee.es/csw-inspire-idee/srv/spa/catalog.search#/metadata/a730254e-b0b3-43f2-a8b1-81332b

=== Seed 83/361: https://www.idee.es/csw-inspire-idee/srv/spa/catalog.search#/metadata/8136e7a5-1 ===
CRAWL depth=0 hops=0 site=www.idee.es url=https://www.idee.es/csw-inspire-idee/srv/spa/catalog.search#/metadata/md_ideeu_pp_agmineral_term_es
CRAWL depth=0 hops=0 site=www.idee.es url=https://www.idee.es/csw-inspire-idee/srv/spa/catalog.search#/metadata/md_ideeu_rutas_ura_es
CRAWL depth=0 hops=0 site=www.idee.es url=https://www.idee.es/csw-inspire-idee/srv/spa/catalog.search#/metadata/md_ideeu_regist_zhumedas_es

=== Seed 84/361: https://www.idee.es/csw-inspire-idee/srv/spa/catalog.search#/metadata/638563ca-8 ===

=== Seed 85/361: https://www.idee.es/csw-inspire-idee/srv/spa/catalog.search#/metadata/6cb1412c-f ===

=== Seed 86/361: https://www.idee.es/csw-inspire-idee/srv/spa/catalog.search#/metadata/db2af09b-2 ===
CRAWL depth=0 hops=0 site=www.idee.es url=https://www.idee.es/csw-inspire-idee/srv/spa/catalog.search#/metadata/md_ideeu_vulnerab_acuiferos_es

=== Seed 87/361: https://www.idee.es/csw-inspire-idee/srv/spa/catalog.search#/metadata/7a17d8fa-9 ===
CRAWL depth=0 hops=0 site=www.idee.es url=https://www.idee.es/csw-inspire-idee/srv/spa/catalog.search#/metadata/md_ideeu_reserva_fluvial_es
CRAWL depth=0 hops=0 site=www.idee.es url=https://www.idee.es/csw-inspire-idee/srv/spa/catalog.search#/metadata/md_ideeu_zflujo_preferente_es

=== Seed 88/361: https://www.idee.es/csw-inspire-idee/srv/spa/catalog.search#/metadata/4440c631-1 ===

=== Seed 89/361: https://www.idee.es/csw-inspire-idee/srv/spa/catalog.search#/metadata/7c28e41e-1 ===
CRAWL depth=0 hops=0 site=www.idee.es url=https://www.idee.es/csw-inspire-idee/srv/spa/catalog.search#/metadata/6ffa2b4e-488e-4424-acaa-24bdd1

=== Seed 90/361: https://www.idee.es/csw-inspire-idee/srv/spa/catalog.search#/metadata/f831dcbf-7 ===
CRAWL depth=0 hops=0 site=www.idee.es url=https://www.idee.es/csw-inspire-idee/srv/spa/catalog.search#/metadata/63d55b00-6453-438f-b452-7ae585

=== Seed 91/361: https://www.idee.es/csw-inspire-idee/srv/spa/catalog.search#/metadata/71da4d15-6 ===
CRAWL depth=0 hops=0 site=www.idee.es url=https://www.idee.es/csw-inspire-idee/srv/spa/catalog.search#/metadata/9f7e3a32-ad82-4a25-a3b2-c02160

=== Seed 92/361: https://www.idee.es/csw-inspire-idee/srv/spa/catalog.search#/metadata/4381dd1d-8 ===
CRAWL depth=0 hops=0 site=www.idee.es url=https://www.idee.es/csw-inspire-idee/srv/spa/catalog.search#/metadata/8136e7a5-1a44-4bd5-9e11-1fd3de

=== Seed 93/361: https://www.idee.es/csw-inspire-idee/srv/spa/catalog.search#/metadata/c11fc583-3 ===
CRAWL depth=0 hops=0 site=www.idee.es url=https://www.idee.es/csw-inspire-idee/srv/spa/catalog.search#/metadata/db2af09b-20bc-44f7-b432-649318

=== Seed 94/361: https://www.idee.es/csw-inspire-idee/srv/spa/catalog.search#/metadata/e688338e-b ===
CRAWL depth=0 hops=0 site=www.idee.es url=https://www.idee.es/csw-inspire-idee/srv/spa/catalog.search#/metadata/638563ca-8287-4e04-96c1-0afbfa
CRAWL depth=0 hops=0 site=www.idee.es url=https://www.idee.es/csw-inspire-idee/srv/spa/catalog.search#/metadata/6cb1412c-f22e-4c31-b8fc-8df9d6

=== Seed 95/361: https://www.idee.es/csw-inspire-idee/srv/spa/catalog.search#/metadata/4e6e1a3f-5 ===
CRAWL depth=0 hops=0 site=www.idee.es url=https://www.idee.es/csw-inspire-idee/srv/spa/catalog.search#/metadata/7a17d8fa-9290-4943-a337-aa6b8b

=== Seed 96/361: https://www.idee.es/csw-inspire-idee/srv/spa/catalog.search#/metadata/a5dcd630-e ===

=== Seed 97/361: https://www.idee.es/csw-inspire-idee/srv/spa/catalog.search#/metadata/e57a8036-d ===
CRAWL depth=0 hops=0 site=www.idee.es url=https://www.idee.es/csw-inspire-idee/srv/spa/catalog.search#/metadata/4440c631-18a1-4d40-a373-dd84d3

=== Seed 98/361: https://www.idee.es/csw-inspire-idee/srv/spa/catalog.search#/metadata/745ce9db-2 ===
CRAWL depth=0 hops=0 site=www.idee.es url=https://www.idee.es/csw-inspire-idee/srv/spa/catalog.search#/metadata/7c28e41e-123e-48d8-afaa-715c25

=== Seed 99/361: https://www.idee.es/csw-inspire-idee/srv/spa/catalog.search#/metadata/c80fe0dc-6 ===
CRAWL depth=0 hops=0 site=www.idee.es url=https://www.idee.es/csw-inspire-idee/srv/spa/catalog.search#/metadata/71da4d15-6fb0-497f-80ed-63c3f8

=== Seed 100/361: https://www.idee.es/csw-inspire-idee/srv/spa/catalog.search#/metadata/53cedc06-0 ===
CRAWL depth=0 hops=0 site=www.idee.es url=https://www.idee.es/csw-inspire-idee/srv/spa/catalog.search#/metadata/f831dcbf-791b-48e0-bb9a-c115f1

=== Seed 101/361: https://www.idee.es/csw-inspire-idee/srv/spa/catalog.search#/metadata/a92e71e6-3 ===
CRAWL depth=0 hops=0 site=www.idee.es url=https://www.idee.es/csw-inspire-idee/srv/spa/catalog.search#/metadata/4381dd1d-8e4c-49e8-a602-9cfb6f

=== Seed 102/361: https://www.idee.es/csw-inspire-idee/srv/spa/catalog.search#/metadata/038d48f4-7 ===
CRAWL depth=0 hops=0 site=www.idee.es url=https://www.idee.es/csw-inspire-idee/srv/spa/catalog.search#/metadata/c11fc583-3eb9-4c08-aa47-a06879
CRAWL depth=0 hops=0 site=www.idee.es url=https://www.idee.es/csw-inspire-idee/srv/spa/catalog.search#/metadata/4e6e1a3f-552a-4474-8b06-dafb11

=== Seed 103/361: https://www.idee.es/csw-inspire-idee/srv/spa/catalog.search#/metadata/eef9dec9-3 ===

=== Seed 104/361: https://www.idee.es/csw-inspire-idee/srv/spa/catalog.search#/metadata/f736437d-f ===
CRAWL depth=0 hops=0 site=www.idee.es url=https://www.idee.es/csw-inspire-idee/srv/spa/catalog.search#/metadata/e688338e-bb0c-4b71-9635-ff5f45

=== Seed 105/361: https://www.idee.es/csw-inspire-idee/srv/spa/catalog.search#/metadata/f24e9cd7-a ===
CRAWL depth=0 hops=0 site=www.idee.es url=https://www.idee.es/csw-inspire-idee/srv/spa/catalog.search#/metadata/e57a8036-dc20-4598-adbc-a5a294
CRAWL depth=0 hops=0 site=www.idee.es url=https://www.idee.es/csw-inspire-idee/srv/spa/catalog.search#/metadata/a5dcd630-e649-4c82-9934-b83846

=== Seed 106/361: https://www.idee.es/csw-inspire-idee/srv/spa/catalog.search#/metadata/MD_PRODUCT ===

=== Seed 107/361: https://www.idee.es/csw-inspire-idee/srv/spa/catalog.search#/metadata/MD_PRODUCT ===
CRAWL depth=0 hops=0 site=www.idee.es url=https://www.idee.es/csw-inspire-idee/srv/spa/catalog.search#/metadata/745ce9db-2086-4a53-8cb6-182817

=== Seed 108/361: https://www.idee.es/csw-inspire-idee/srv/spa/catalog.search#/metadata/Cartografi ===
CRAWL depth=0 hops=0 site=www.idee.es url=https://www.idee.es/csw-inspire-idee/srv/spa/catalog.search#/metadata/c80fe0dc-6ce1-47f5-9c88-5f9088

=== Seed 109/361: https://www.idee.es/csw-inspire-idee/srv/spa/catalog.search#/metadata/MD_PRODUCT ===
CRAWL depth=0 hops=0 site=www.idee.es url=https://www.idee.es/csw-inspire-idee/srv/spa/catalog.search#/metadata/53cedc06-0e0e-4858-8657-bfe949
CRAWL depth=0 hops=0 site=www.idee.es url=https://www.idee.es/csw-inspire-idee/srv/spa/catalog.search#/metadata/a92e71e6-39a4-442d-80c8-3f5f7f

=== Seed 110/361: https://www.idee.es/csw-inspire-idee/srv/spa/catalog.search#/metadata/MD_PRODUCT ===

=== Seed 111/361: https://www.idee.es/csw-inspire-idee/srv/spa/catalog.search#/metadata/406333f3-4 ===
CRAWL depth=0 hops=0 site=www.idee.es url=https://www.idee.es/csw-inspire-idee/srv/spa/catalog.search#/metadata/038d48f4-75e9-4d6a-ab7c-33bde3

=== Seed 112/361: https://www.idee.es/csw-inspire-idee/srv/spa/catalog.search#/metadata/{91FF7A79- ===
CRAWL depth=0 hops=0 site=www.idee.es url=https://www.idee.es/csw-inspire-idee/srv/spa/catalog.search#/metadata/eef9dec9-3d0b-4e2a-8c9d-6ffb16

=== Seed 113/361: https://www.idee.es/csw-inspire-idee/srv/spa/catalog.search#/metadata/c7409925-5 ===
CRAWL depth=0 hops=0 site=www.idee.es url=https://www.idee.es/csw-inspire-idee/srv/spa/catalog.search#/metadata/f736437d-fc13-47d3-ac0e-c3ac1c
CRAWL depth=0 hops=0 site=www.idee.es url=https://www.idee.es/csw-inspire-idee/srv/spa/catalog.search#/metadata/MD_PRODUCTO_VUELO_IGN_81_84_IG

=== Seed 114/361: https://www.idee.es/csw-inspire-idee/srv/spa/catalog.search#/metadata/1b72ed53-7 ===
CRAWL depth=0 hops=0 site=www.idee.es url=https://www.idee.es/csw-inspire-idee/srv/spa/catalog.search#/metadata/MD_PRODUCTO_VUELO_CATASTRO_ZAR
CRAWL depth=0 hops=0 site=www.idee.es url=https://www.idee.es/csw-inspire-idee/srv/spa/catalog.search#/metadata/f24e9cd7-a39b-412e-b534-fc62de

=== Seed 115/361: https://www.idee.es/csw-inspire-idee/srv/spa/catalog.search#/metadata/4ae29ebc-c ===

=== Seed 116/361: https://www.idee.es/csw-inspire-idee/srv/spa/catalog.search#/metadata/2d622489-9 ===

=== Seed 117/361: https://www.idee.es/csw-inspire-idee/srv/spa/catalog.search#/metadata/8a74b2fe-a ===
CRAWL depth=0 hops=0 site=www.idee.es url=https://www.idee.es/csw-inspire-idee/srv/spa/catalog.search#/metadata/MD_PRODUCTO_VUELO_INUNDACION%2
CRAWL depth=0 hops=0 site=www.idee.es url=https://www.idee.es/csw-inspire-idee/srv/spa/catalog.search#/metadata/406333f3-45a3-445e-9d2b-828c1d

=== Seed 118/361: https://www.idee.es/csw-inspire-idee/srv/spa/catalog.search#/metadata/{086DEA60- ===
CRAWL depth=0 hops=0 site=www.idee.es url=https://www.idee.es/csw-inspire-idee/srv/spa/catalog.search#/metadata/MD_PRODUCTO_VUELO_CHE_EBRO_80_

=== Seed 119/361: https://www.idee.es/csw-inspire-idee/srv/spa/catalog.search#/metadata/{B0626A1A- ===

=== Seed 120/361: https://www.idee.es/csw-inspire-idee/srv/spa/catalog.search#/metadata/22c0fb64-9 ===
CRAWL depth=0 hops=0 site=www.idee.es url=https://www.idee.es/csw-inspire-idee/srv/spa/catalog.search#/metadata/Cartografia_BTA_5000_CDE

=== Seed 121/361: https://www.idee.es/csw-inspire-idee/srv/spa/catalog.search#/metadata/md_ideeu_h ===
CRAWL depth=0 hops=0 site=www.idee.es url=https://www.idee.es/csw-inspire-idee/srv/spa/catalog.search#/metadata/%7B91FF7A79-CEB3-45A7-9686-C99

=== Seed 122/361: https://www.idee.es/csw-inspire-idee/srv/spa/catalog.search#/metadata/ad5b3ed6-7 ===
CRAWL depth=0 hops=0 site=www.idee.es url=https://www.idee.es/csw-inspire-idee/srv/spa/catalog.search#/metadata/c7409925-57a9-46c2-829b-b09be6

=== Seed 123/361: https://www.idee.es/csw-inspire-idee/srv/spa/catalog.search#/metadata/{086DEA60- ===
CRAWL depth=0 hops=0 site=www.idee.es url=https://www.idee.es/csw-inspire-idee/srv/spa/catalog.search#/metadata/1b72ed53-78f6-42fc-b5a3-351418
CRAWL depth=0 hops=0 site=www.idee.es url=https://www.idee.es/csw-inspire-idee/srv/spa/catalog.search#/metadata/4ae29ebc-c584-4ef4-8d09-1b1f66

=== Seed 124/361: https://www.idee.es/csw-inspire-idee/srv/spa/catalog.search#/metadata/md_ideeu_r ===

=== Seed 125/361: https://www.idee.es/csw-inspire-idee/srv/spa/catalog.search#/metadata/69473be2-3 ===
CRAWL depth=0 hops=0 site=www.idee.es url=https://www.idee.es/csw-inspire-idee/srv/spa/catalog.search#/metadata/2d622489-9434-4b90-9074-314ea6
CRAWL depth=0 hops=0 site=www.idee.es url=https://www.idee.es/csw-inspire-idee/srv/spa/catalog.search#/metadata/8a74b2fe-a9e2-4dce-8ba3-ba2aa1

=== Seed 126/361: https://www.idee.es/csw-inspire-idee/srv/spa/catalog.search#/metadata/d1c0b6d2-a ===

=== Seed 127/361: https://www.idee.es/csw-inspire-idee/srv/spa/catalog.search#/metadata/1ac117ce-3 ===
CRAWL depth=0 hops=0 site=www.idee.es url=https://www.idee.es/csw-inspire-idee/srv/spa/catalog.search#/metadata/%7BB0626A1A-4607-401E-8E0F-1A3

=== Seed 128/361: https://www.idee.es/csw-inspire-idee/srv/spa/catalog.search#/metadata/spaicv06_a ===
CRAWL depth=0 hops=0 site=www.idee.es url=https://www.idee.es/csw-inspire-idee/srv/spa/catalog.search#/metadata/%7B086DEA60-3BF1-4DC6-8ACA-8D5
CRAWL depth=0 hops=0 site=www.idee.es url=https://www.idee.es/csw-inspire-idee/srv/spa/catalog.search#/metadata/22c0fb64-9f47-48b8-8b73-9bf535

=== Seed 129/361: https://www.idee.es/csw-inspire-idee/srv/spa/catalog.search#/metadata/{91FF7A79- ===

=== Seed 130/361: https://www.idee.es/csw-inspire-idee/srv/spa/catalog.search#/metadata/08ed1f73-a ===
CRAWL depth=0 hops=0 site=www.idee.es url=https://www.idee.es/csw-inspire-idee/srv/spa/catalog.search#/metadata/md_ideeu_hidrogeologico_es

=== Seed 131/361: https://www.idee.es/csw-inspire-idee/srv/spa/catalog.search#/metadata/{086DEA60- ===
CRAWL depth=0 hops=0 site=www.idee.es url=https://www.idee.es/csw-inspire-idee/srv/spa/catalog.search#/metadata/ad5b3ed6-700c-4d85-a39c-8b0ebc

=== Seed 132/361: https://www.idee.es/csw-inspire-idee/srv/spa/catalog.search#/metadata/md_ideeu_i ===
CRAWL depth=0 hops=0 site=www.idee.es url=https://www.idee.es/csw-inspire-idee/srv/spa/catalog.search#/metadata/d1c0b6d2-a9bd-4740-aa32-62aee3

=== Seed 133/361: https://www.idee.es/csw-inspire-idee/srv/spa/catalog.search#/metadata/3cd10003-3 ===
CRAWL depth=0 hops=0 site=www.idee.es url=https://www.idee.es/csw-inspire-idee/srv/spa/catalog.search#/metadata/08ed1f73-ae4e-4cd4-9637-01430f
CRAWL depth=0 hops=0 site=www.idee.es url=https://www.idee.es/csw-inspire-idee/srv/spa/catalog.search#/metadata/%7B086DEA60-3BF1-4DC6-8ACA-8D5

=== Seed 134/361: https://www.idee.es/csw-inspire-idee/srv/spa/catalog.search#/metadata/spaicv06_a ===

=== Seed 135/361: https://www.idee.es/csw-inspire-idee/srv/spa/catalog.search#/metadata/be8ffd4a-a ===
CRAWL depth=0 hops=0 site=www.idee.es url=https://www.idee.es/csw-inspire-idee/srv/spa/catalog.search#/metadata/69473be2-38bc-4915-9aff-fd1282
CRAWL depth=0 hops=0 site=www.idee.es url=https://www.idee.es/csw-inspire-idee/srv/spa/catalog.search#/metadata/md_ideeu_ramsar_es21_es

=== Seed 136/361: https://www.idee.es/csw-inspire-idee/srv/spa/catalog.search#/metadata/{B0626A1A- ===

=== Seed 137/361: https://www.idee.es/csw-inspire-idee/srv/spa/catalog.search#/metadata/{616E9FE9- ===
CRAWL depth=0 hops=0 site=www.idee.es url=https://www.idee.es/csw-inspire-idee/srv/spa/catalog.search#/metadata/spaicv06_avsre_subcuencas_dana
CRAWL depth=0 hops=0 site=www.idee.es url=https://www.idee.es/csw-inspire-idee/srv/spa/catalog.search#/metadata/1ac117ce-3226-4827-a96a-b95010

=== Seed 138/361: https://www.idee.es/csw-inspire-idee/srv/spa/catalog.search#/metadata/spa_icv_es ===

=== Seed 139/361: https://www.idee.es/csw-inspire-idee/srv/spa/catalog.search#/metadata/glg_iet_ma ===
CRAWL depth=0 hops=0 site=www.idee.es url=https://www.idee.es/csw-inspire-idee/srv/spa/catalog.search#/metadata/%7B91FF7A79-CEB3-45A7-9686-C99

=== Seed 140/361: https://www.idee.es/csw-inspire-idee/srv/spa/catalog.search#/metadata/2fe651d0-d ===
CRAWL depth=0 hops=0 site=www.idee.es url=https://www.idee.es/csw-inspire-idee/srv/spa/catalog.search#/metadata/%7B086DEA60-3BF1-4DC6-8ACA-8D5

=== Seed 141/361: https://www.idee.es/csw-inspire-idee/srv/spa/catalog.search#/metadata/4e67658c-c ===
CRAWL depth=0 hops=0 site=www.idee.es url=https://www.idee.es/csw-inspire-idee/srv/spa/catalog.search#/metadata/md_ideeu_inundabilidad_es
CRAWL depth=0 hops=0 site=www.idee.es url=https://www.idee.es/csw-inspire-idee/srv/spa/catalog.search#/metadata/3cd10003-3962-4a8a-a5b3-58e178

=== Seed 142/361: https://www.idee.es/csw-inspire-idee/srv/spa/catalog.search#/metadata/250d4d2f-0 ===

=== Seed 143/361: https://www.idee.es/csw-inspire-idee/srv/spa/catalog.search#/metadata/766f3abf-4 ===
CRAWL depth=0 hops=0 site=www.idee.es url=https://www.idee.es/csw-inspire-idee/srv/spa/catalog.search#/metadata/spaicv06_avsre_cauce_principal
CRAWL depth=0 hops=0 site=www.idee.es url=https://www.idee.es/csw-inspire-idee/srv/spa/catalog.search#/metadata/be8ffd4a-a1fb-4d8b-879e-d4e4b4

=== Seed 144/361: https://www.idee.es/csw-inspire-idee/srv/spa/catalog.search#/metadata/{91FF7A79- ===

=== Seed 145/361: https://www.idee.es/csw-inspire-idee/srv/spa/catalog.search#/metadata/2b1a9381-e ===
CRAWL depth=0 hops=0 site=www.idee.es url=https://www.idee.es/csw-inspire-idee/srv/spa/catalog.search#/metadata/%7BB0626A1A-4607-401E-8E0F-1A3
CRAWL depth=0 hops=0 site=www.idee.es url=https://www.idee.es/csw-inspire-idee/srv/spa/catalog.search#/metadata/%7B616E9FE9-B0B8-460C-9976-A3A

=== Seed 146/361: https://www.idee.es/csw-inspire-idee/srv/spa/catalog.search#/metadata/spacm_agua ===

=== Seed 147/361: https://www.idee.es/csw-inspire-idee/srv/spa/catalog.search#/metadata/d6164a5d-8 ===
CRAWL depth=0 hops=0 site=www.idee.es url=https://www.idee.es/csw-inspire-idee/srv/spa/catalog.search#/metadata/spa_icv_esco_hidro
CRAWL depth=0 hops=0 site=www.idee.es url=https://www.idee.es/csw-inspire-idee/srv/spa/catalog.search#/metadata/glg_iet_mananciais_20160215__s

=== Seed 148/361: https://www.idee.es/csw-inspire-idee/srv/spa/catalog.search#/metadata/MD_PRODUCT ===

=== Seed 149/361: https://www.idee.es/csw-inspire-idee/srv/spa/catalog.search#/metadata/md_ideeu_p ===
CRAWL depth=0 hops=0 site=www.idee.es url=https://www.idee.es/csw-inspire-idee/srv/spa/catalog.search#/metadata/2fe651d0-d223-463b-88fa-18fd75

=== Seed 150/361: https://www.idee.es/csw-inspire-idee/srv/spa/catalog.search#/metadata/md_ideeu_a ===
CRAWL depth=0 hops=0 site=www.idee.es url=https://www.idee.es/csw-inspire-idee/srv/spa/catalog.search#/metadata/4e67658c-c5e9-4f33-8942-defd81

=== Seed 151/361: https://www.idee.es/csw-inspire-idee/srv/spa/catalog.search#/metadata/83eab121-c ===
CRAWL depth=0 hops=0 site=www.idee.es url=https://www.idee.es/csw-inspire-idee/srv/spa/catalog.search#/metadata/250d4d2f-0aeb-4bc5-b2c9-afad2c
CRAWL depth=0 hops=0 site=www.idee.es url=https://www.idee.es/csw-inspire-idee/srv/spa/catalog.search#/metadata/766f3abf-44c9-4e93-b91d-59039c

=== Seed 152/361: https://www.idee.es/csw-inspire-idee/srv/spa/catalog.search#/metadata/c729fcc7-8 ===

=== Seed 153/361: https://www.idee.es/csw-inspire-idee/srv/spa/catalog.search#/metadata/md_ideeu_i ===
CRAWL depth=0 hops=0 site=www.idee.es url=https://www.idee.es/csw-inspire-idee/srv/spa/catalog.search#/metadata/md_ideeu_perfiles_inund_es

=== Seed 154/361: https://www.idee.es/csw-inspire-idee/srv/spa/catalog.search#/metadata/f44b098d-9 ===
CRAWL depth=0 hops=0 site=www.idee.es url=https://www.idee.es/csw-inspire-idee/srv/spa/catalog.search#/metadata/%7B91FF7A79-CEB3-45A7-9686-C99

=== Seed 155/361: https://www.idee.es/csw-inspire-idee/srv/spa/catalog.search#/metadata/7075f135-c ===
CRAWL depth=0 hops=0 site=www.idee.es url=https://www.idee.es/csw-inspire-idee/srv/spa/catalog.search#/metadata/2b1a9381-e9dd-475b-9af5-d1c741
CRAWL depth=0 hops=0 site=www.idee.es url=https://www.idee.es/csw-inspire-idee/srv/spa/catalog.search#/metadata/spacm_aguasub
CRAWL depth=0 hops=0 site=www.idee.es url=https://www.idee.es/csw-inspire-idee/srv/spa/catalog.search#/metadata/d6164a5d-8353-475d-8a2b-a6e412

=== Seed 156/361: https://www.idee.es/csw-inspire-idee/srv/spa/catalog.search#/metadata/md_ideeu_d ===

=== Seed 157/361: https://www.idee.es/csw-inspire-idee/srv/spa/catalog.search#/metadata/9c79a721-8 ===

=== Seed 158/361: https://www.idee.es/csw-inspire-idee/srv/spa/catalog.search#/metadata/b961d6fd-2 ===
CRAWL depth=0 hops=0 site=www.idee.es url=https://www.idee.es/csw-inspire-idee/srv/spa/catalog.search#/metadata/MD_PRODUCTO_MAPAS_MTN25_H_IGEA

=== Seed 159/361: https://www.idee.es/csw-inspire-idee/srv/spa/catalog.search#/metadata/spacarmapa ===
CRAWL depth=0 hops=0 site=www.idee.es url=https://www.idee.es/csw-inspire-idee/srv/spa/catalog.search#/metadata/md_ideeu_arpsi_capv_es

=== Seed 160/361: https://www.idee.es/csw-inspire-idee/srv/spa/catalog.search#/metadata/bd167802-3 ===
CRAWL depth=0 hops=0 site=www.idee.es url=https://www.idee.es/csw-inspire-idee/srv/spa/catalog.search#/metadata/83eab121-c96b-480a-a88b-a64a2d

=== Seed 161/361: https://www.idee.es/csw-inspire-idee/srv/spa/catalog.search#/metadata/3f4c80eb-9 ===
CRAWL depth=0 hops=0 site=www.idee.es url=https://www.idee.es/csw-inspire-idee/srv/spa/catalog.search#/metadata/md_ideeu_infra_depuracion_es

=== Seed 162/361: https://www.idee.es/csw-inspire-idee/srv/spa/catalog.search#/metadata/fb471e99-4 ===
CRAWL depth=0 hops=0 site=www.idee.es url=https://www.idee.es/csw-inspire-idee/srv/spa/catalog.search#/metadata/c729fcc7-89b2-4e1e-bd9f-10466a
CRAWL depth=0 hops=0 site=www.idee.es url=https://www.idee.es/csw-inspire-idee/srv/spa/catalog.search#/metadata/f44b098d-9a67-4ace-8ea6-a90759

=== Seed 163/361: https://www.idee.es/csw-inspire-idee/srv/spa/catalog.search#/metadata/9db5f1a4-3 ===

=== Seed 164/361: https://www.idee.es/csw-inspire-idee/srv/spa/catalog.search#/metadata/7e9f0ca9-8 ===
CRAWL depth=0 hops=0 site=www.idee.es url=https://www.idee.es/csw-inspire-idee/srv/spa/catalog.search#/metadata/7075f135-cca3-4dc1-9595-8d4e43

=== Seed 165/361: https://www.idee.es/csw-inspire-idee/srv/spa/catalog.search#/metadata/sit_hid_ca ===
CRAWL depth=0 hops=0 site=www.idee.es url=https://www.idee.es/csw-inspire-idee/srv/spa/catalog.search#/metadata/9c79a721-81f4-4a68-981b-4b6369
CRAWL depth=0 hops=0 site=www.idee.es url=https://www.idee.es/csw-inspire-idee/srv/spa/catalog.search#/metadata/md_ideeu_dp_hidraulico_es

=== Seed 166/361: https://www.idee.es/csw-inspire-idee/srv/spa/catalog.search#/metadata/74170c7d-1 ===
CRAWL depth=0 hops=0 site=www.idee.es url=https://www.idee.es/csw-inspire-idee/srv/spa/catalog.search#/metadata/b961d6fd-2eac-4cd7-b0b6-3b24da
CRAWL depth=0 hops=0 site=www.idee.es url=https://www.idee.es/csw-inspire-idee/srv/spa/catalog.search#/metadata/spacarmapageneral

=== Seed 167/361: https://www.idee.es/csw-inspire-idee/srv/spa/catalog.search#/metadata/8feff67c-f ===

=== Seed 168/361: https://www.idee.es/csw-inspire-idee/srv/spa/catalog.search#/metadata/spaicvbird ===

=== Seed 169/361: https://www.idee.es/csw-inspire-idee/srv/spa/catalog.search#/metadata/1c29e17b-d ===
CRAWL depth=0 hops=0 site=www.idee.es url=https://www.idee.es/csw-inspire-idee/srv/spa/catalog.search#/metadata/bd167802-3b42-450c-a846-729f55

=== Seed 170/361: https://www.idee.es/csw-inspire-idee/srv/spa/catalog.search#/metadata/md_ideeu_z ===
CRAWL depth=0 hops=0 site=www.idee.es url=https://www.idee.es/csw-inspire-idee/srv/spa/catalog.search#/metadata/3f4c80eb-9953-41ef-a956-4506fd

=== Seed 171/361: https://www.idee.es/csw-inspire-idee/srv/spa/catalog.search#/metadata/spaJEXtmex ===
CRAWL depth=0 hops=0 site=www.idee.es url=https://www.idee.es/csw-inspire-idee/srv/spa/catalog.search#/metadata/fb471e99-4397-4e93-a8a8-b1fe08

=== Seed 172/361: https://www.idee.es/csw-inspire-idee/srv/spa/catalog.search#/metadata/81d71b6e-f ===
CRAWL depth=0 hops=0 site=www.idee.es url=https://www.idee.es/csw-inspire-idee/srv/spa/catalog.search#/metadata/9db5f1a4-35bb-445c-a5fe-664729
CRAWL depth=0 hops=0 site=www.idee.es url=https://www.idee.es/csw-inspire-idee/srv/spa/catalog.search#/metadata/7e9f0ca9-8020-414e-bc9c-5aceff

=== Seed 173/361: https://www.idee.es/csw-inspire-idee/srv/spa/catalog.search#/metadata/MD_PRODUCT ===

=== Seed 174/361: https://www.idee.es/csw-inspire-idee/srv/spa/catalog.search#/metadata/5f3d1fbc-d ===
CRAWL depth=0 hops=0 site=www.idee.es url=https://www.idee.es/csw-inspire-idee/srv/spa/catalog.search#/metadata/sit_hid_cauces_carm_inv_tramos
CRAWL depth=0 hops=0 site=www.idee.es url=https://www.idee.es/csw-inspire-idee/srv/spa/catalog.search#/metadata/74170c7d-1b4e-4910-95e2-c0a666

=== Seed 175/361: https://www.idee.es/csw-inspire-idee/srv/spa/catalog.search#/metadata/06afe2e6-7 ===

=== Seed 176/361: https://www.idee.es/csw-inspire-idee/srv/spa/catalog.search#/metadata/md_ideeu_r ===
CRAWL depth=0 hops=0 site=www.idee.es url=https://www.idee.es/csw-inspire-idee/srv/spa/catalog.search#/metadata/8feff67c-fcba-4ec9-bbf5-e754d8

=== Seed 177/361: https://www.idee.es/csw-inspire-idee/srv/spa/catalog.search#/metadata/0129ff22-9 ===
CRAWL depth=0 hops=0 site=www.idee.es url=https://www.idee.es/csw-inspire-idee/srv/spa/catalog.search#/metadata/1c29e17b-d5f8-45ff-b9d4-330310
CRAWL depth=0 hops=0 site=www.idee.es url=https://www.idee.es/csw-inspire-idee/srv/spa/catalog.search#/metadata/spaicvbirdwatching2015

=== Seed 178/361: https://www.idee.es/csw-inspire-idee/srv/spa/catalog.search#/metadata/spacm_cuen ===

=== Seed 179/361: https://www.idee.es/csw-inspire-idee/srv/spa/catalog.search#/metadata/a8fd4cc7-6 ===
CRAWL depth=0 hops=0 site=www.idee.es url=https://www.idee.es/csw-inspire-idee/srv/spa/catalog.search#/metadata/md_ideeu_zp_especial_natmed_es

=== Seed 180/361: https://www.idee.es/csw-inspire-idee/srv/spa/catalog.search#/metadata/{B0626A1A- ===
CRAWL depth=0 hops=0 site=www.idee.es url=https://www.idee.es/csw-inspire-idee/srv/spa/catalog.search#/metadata/spaJEXtmexRios

=== Seed 181/361: https://www.idee.es/csw-inspire-idee/srv/spa/catalog.search#/metadata/2ecba37a-f ===
CRAWL depth=0 hops=0 site=www.idee.es url=https://www.idee.es/csw-inspire-idee/srv/spa/catalog.search#/metadata/81d71b6e-ff4e-4541-84a1-423013

=== Seed 182/361: https://www.idee.es/csw-inspire-idee/srv/spa/catalog.search#/metadata/43f9ae91-1 ===
CRAWL depth=0 hops=0 site=www.idee.es url=https://www.idee.es/csw-inspire-idee/srv/spa/catalog.search#/metadata/5f3d1fbc-dd4f-40bb-9e80-5955f9

=== Seed 183/361: https://www.idee.es/csw-inspire-idee/srv/spa/catalog.search#/metadata/9769f88d-1 ===
CRAWL depth=0 hops=0 site=www.idee.es url=https://www.idee.es/csw-inspire-idee/srv/spa/catalog.search#/metadata/md_ideeu_riesgo_es

=== Seed 184/361: https://www.idee.es/csw-inspire-idee/srv/spa/catalog.search#/metadata/13f75af8-4 ===
CRAWL depth=0 hops=0 site=www.idee.es url=https://www.idee.es/csw-inspire-idee/srv/spa/catalog.search#/metadata/06afe2e6-7875-4fd7-8978-ecd474

=== Seed 185/361: https://www.idee.es/csw-inspire-idee/srv/spa/catalog.search#/metadata/bf18d0b7-6 ===
CRAWL depth=0 hops=0 site=www.idee.es url=https://www.idee.es/csw-inspire-idee/srv/spa/catalog.search#/metadata/0129ff22-94e5-4bf4-9c50-604c5b

=== Seed 186/361: https://www.idee.es/csw-inspire-idee/srv/spa/catalog.search#/metadata/c60d3237-7 ===
CRAWL depth=0 hops=0 site=www.idee.es url=https://www.idee.es/csw-inspire-idee/srv/spa/catalog.search#/metadata/spacm_cuencashidro
CRAWL depth=0 hops=0 site=www.idee.es url=https://www.idee.es/csw-inspire-idee/srv/spa/catalog.search#/metadata/MD_PRODUCTO_MAPAS_MTN50_H_CINT
CRAWL depth=0 hops=0 site=www.idee.es url=https://www.idee.es/csw-inspire-idee/srv/spa/catalog.search#/metadata/a8fd4cc7-63f9-4b19-8651-de64e6

=== Seed 187/361: https://www.idee.es/csw-inspire-idee/srv/spa/catalog.search#/metadata/spaicvST_r ===

=== Seed 188/361: https://www.idee.es/csw-inspire-idee/srv/spa/catalog.search#/metadata/af6b8b38-f ===

=== Seed 189/361: https://www.idee.es/csw-inspire-idee/srv/spa/catalog.search#/metadata/Hidrografí ===
CRAWL depth=0 hops=0 site=www.idee.es url=https://www.idee.es/csw-inspire-idee/srv/spa/catalog.search#/metadata/%7BB0626A1A-4607-401E-8E0F-1A3

=== Seed 190/361: https://www.idee.es/csw-inspire-idee/srv/spa/catalog.search#/metadata/26b2fe97-c ===
CRAWL depth=0 hops=0 site=www.idee.es url=https://www.idee.es/csw-inspire-idee/srv/spa/catalog.search#/metadata/2ecba37a-f5ab-4319-af51-7b2540
CRAWL depth=0 hops=0 site=www.idee.es url=https://www.idee.es/csw-inspire-idee/srv/spa/catalog.search#/metadata/43f9ae91-165c-4b2d-b287-205730

=== Seed 191/361: https://www.idee.es/csw-inspire-idee/srv/spa/catalog.search#/metadata/d6ea60d0-6 ===

=== Seed 192/361: https://www.idee.es/csw-inspire-idee/srv/spa/catalog.search#/metadata/sit_hid_ca ===
CRAWL depth=0 hops=0 site=www.idee.es url=https://www.idee.es/csw-inspire-idee/srv/spa/catalog.search#/metadata/9769f88d-1440-4dc5-a02a-2293c2

=== Seed 193/361: https://www.idee.es/csw-inspire-idee/srv/spa/catalog.search#/metadata/sit_hid_ca ===
CRAWL depth=0 hops=0 site=www.idee.es url=https://www.idee.es/csw-inspire-idee/srv/spa/catalog.search#/metadata/bf18d0b7-67cb-4526-ab04-854a67
CRAWL depth=0 hops=0 site=www.idee.es url=https://www.idee.es/csw-inspire-idee/srv/spa/catalog.search#/metadata/13f75af8-48de-403e-a0d9-ec1233
CRAWL depth=0 hops=0 site=www.idee.es url=https://www.idee.es/csw-inspire-idee/srv/spa/catalog.search#/metadata/c60d3237-7665-4d63-aa71-dc9493

=== Seed 194/361: https://www.idee.es/csw-inspire-idee/srv/spa/catalog.search#/metadata/spaSITNAIN ===

=== Seed 195/361: https://www.idee.es/csw-inspire-idee/srv/spa/catalog.search#/metadata/spaSITNAIN ===

=== Seed 196/361: https://www.idee.es/csw-inspire-idee/srv/spa/catalog.search#/metadata/spaSITNAIN ===
CRAWL depth=0 hops=0 site=www.idee.es url=https://www.idee.es/csw-inspire-idee/srv/spa/catalog.search#/metadata/spaicvST_recarga_acuiferos

=== Seed 197/361: https://www.idee.es/csw-inspire-idee/srv/spa/catalog.search#/metadata/spaSITNAIN ===
CRAWL depth=0 hops=0 site=www.idee.es url=https://www.idee.es/csw-inspire-idee/srv/spa/catalog.search#/metadata/d6ea60d0-651e-416e-9199-ad38bd

=== Seed 198/361: https://www.idee.es/csw-inspire-idee/srv/spa/catalog.search#/metadata/spaSITNAIN ===
CRAWL depth=0 hops=0 site=www.idee.es url=https://www.idee.es/csw-inspire-idee/srv/spa/catalog.search#/metadata/sit_hid_cauces_carm_inv_rio_se

=== Seed 199/361: https://www.idee.es/csw-inspire-idee/srv/spa/catalog.search#/metadata/spaSITNAIN ===
CRAWL depth=0 hops=0 site=www.idee.es url=https://www.idee.es/csw-inspire-idee/srv/spa/catalog.search#/metadata/sit_hid_cauces_carm_inv_embals
CRAWL depth=0 hops=0 site=www.idee.es url=https://www.idee.es/csw-inspire-idee/srv/spa/catalog.search#/metadata/spaSITNAINFRAE_Sym_PtoConexion

=== Seed 200/361: https://www.idee.es/csw-inspire-idee/srv/spa/catalog.search#/metadata/spaSITNAIN ===

=== Seed 201/361: https://www.idee.es/csw-inspire-idee/srv/spa/catalog.search#/metadata/spaSITNAHI ===
CRAWL depth=0 hops=0 site=www.idee.es url=https://www.idee.es/csw-inspire-idee/srv/spa/catalog.search#/metadata/spaSITNAINFRAE_Sym_PtoAliviado

=== Seed 202/361: https://www.idee.es/csw-inspire-idee/srv/spa/catalog.search#/metadata/spaSITNAIN ===
CRAWL depth=0 hops=0 site=www.idee.es url=https://www.idee.es/csw-inspire-idee/srv/spa/catalog.search#/metadata/spaSITNAINFRAE_Sym_Imhoff.xml
CRAWL depth=0 hops=0 site=www.idee.es url=https://www.idee.es/csw-inspire-idee/srv/spa/catalog.search#/metadata/spaSITNAINFRAE_Sym_PozoAliv.xm

=== Seed 203/361: https://www.idee.es/csw-inspire-idee/srv/spa/catalog.search#/metadata/spaSITNAHI ===

=== Seed 204/361: https://www.idee.es/csw-inspire-idee/srv/spa/catalog.search#/metadata/spaSITNAHI ===
CRAWL depth=0 hops=0 site=www.idee.es url=https://www.idee.es/csw-inspire-idee/srv/spa/catalog.search#/metadata/spaSITNAINFRAE_Sym_ArquetaRes.

=== Seed 205/361: https://www.idee.es/csw-inspire-idee/srv/spa/catalog.search#/metadata/spaSITNAHI ===
CRAWL depth=0 hops=0 site=www.idee.es url=https://www.idee.es/csw-inspire-idee/srv/spa/catalog.search#/metadata/spaSITNAINFRAE_Sym_ArquetaSuc.

=== Seed 206/361: https://www.idee.es/csw-inspire-idee/srv/spa/catalog.search#/metadata/spaSITNAIN ===
ERROR depth=0 url=https://www.idee.es/csw-inspire-idee/srv/spa/catalog.search#/metadata/af6b8b38-f — Page.goto: Timeout 30000ms exceeded.
Call log:
  - navigating to "https://www.idee.es/csw-inspire-idee/srv/spa/catalog.search#/metadata/af6b8b38-ffa2-4149-af36-c45db35c8631", waiting until "networkidle"


=== Seed 207/361: https://www.idee.es/csw-inspire-idee/srv/spa/catalog.search#/metadata/ff807602-8 ===
CRAWL depth=0 hops=0 site=www.idee.es url=https://www.idee.es/csw-inspire-idee/srv/spa/catalog.search#/metadata/spaSITNAHIDROG_Pol_VulneNitra_
CRAWL depth=0 hops=0 site=www.idee.es url=https://www.idee.es/csw-inspire-idee/srv/spa/catalog.search#/metadata/spaSITNAINFRAE_Sym_FosaTPrim.x
ERROR depth=0 url=https://www.idee.es/csw-inspire-idee/srv/spa/catalog.search#/metadata/Hidrografí — Page.goto: Timeout 30000ms exceeded.
Call log:
  - navigating to "https://www.idee.es/csw-inspire-idee/srv/spa/catalog.search#/metadata/Hidrograf%C3%ADa%20de%20C%C3%A1ceres%201996", waiting until "networkidle"


=== Seed 208/361: https://www.idee.es/csw-inspire-idee/srv/spa/catalog.search#/metadata/BAD273EB-1 ===

=== Seed 209/361: https://www.idee.es/csw-inspire-idee/srv/spa/catalog.search#/metadata/aea68439-f ===

=== Seed 210/361: https://www.idee.es/csw-inspire-idee/srv/spa/catalog.search#/metadata/02f2eaa0-7 ===
CRAWL depth=0 hops=0 site=www.idee.es url=https://www.idee.es/csw-inspire-idee/srv/spa/catalog.search#/metadata/spaSITNAINFRAE_Sym_AletaVerti.

=== Seed 211/361: https://www.idee.es/csw-inspire-idee/srv/spa/catalog.search#/metadata/Hidrografí ===
ERROR depth=0 url=https://www.idee.es/csw-inspire-idee/srv/spa/catalog.search#/metadata/26b2fe97-c — Page.goto: Timeout 30000ms exceeded.
Call log:
  - navigating to "https://www.idee.es/csw-inspire-idee/srv/spa/catalog.search#/metadata/26b2fe97-c3fc-4dcc-818b-cc81d242f080", waiting until "networkidle"


=== Seed 212/361: https://www.idee.es/csw-inspire-idee/srv/spa/catalog.search#/metadata/Hidrografí ===
CRAWL depth=0 hops=0 site=www.idee.es url=https://www.idee.es/csw-inspire-idee/srv/spa/catalog.search#/metadata/spaSITNAHIDROG_Pol_pretSNCZI.x
CRAWL depth=0 hops=0 site=www.idee.es url=https://www.idee.es/csw-inspire-idee/srv/spa/catalog.search#/metadata/spaSITNAHIDROG_Pol_VertienteHi

=== Seed 213/361: https://www.idee.es/csw-inspire-idee/srv/spa/catalog.search#/metadata/227797d7-9 ===

=== Seed 214/361: https://www.idee.es/csw-inspire-idee/srv/spa/catalog.search#/metadata/spacm_rams ===
CRAWL depth=0 hops=0 site=www.idee.es url=https://www.idee.es/csw-inspire-idee/srv/spa/catalog.search#/metadata/spaSITNAHIDROG_Pol_AspHidroGeo

=== Seed 215/361: https://www.idee.es/csw-inspire-idee/srv/spa/catalog.search#/metadata/spaicv0704 ===
CRAWL depth=0 hops=0 site=www.idee.es url=https://www.idee.es/csw-inspire-idee/srv/spa/catalog.search#/metadata/spaSITNAINFRAE_Pol_ArquetaSuc.

=== Seed 216/361: https://www.idee.es/csw-inspire-idee/srv/spa/catalog.search#/metadata/{91FF7A79- ===
CRAWL depth=0 hops=0 site=www.idee.es url=https://www.idee.es/csw-inspire-idee/srv/spa/catalog.search#/metadata/aea68439-fde3-4d04-a692-07968f
CRAWL depth=0 hops=0 site=www.idee.es url=https://www.idee.es/csw-inspire-idee/srv/spa/catalog.search#/metadata/ff807602-8f60-4a10-93b8-bae44b

=== Seed 217/361: https://www.idee.es/csw-inspire-idee/srv/spa/catalog.search#/metadata/spaSITNACA ===

=== Seed 218/361: https://www.idee.es/csw-inspire-idee/srv/spa/catalog.search#/metadata/spaSITNACA ===
CRAWL depth=0 hops=0 site=www.idee.es url=https://www.idee.es/csw-inspire-idee/srv/spa/catalog.search#/metadata/02f2eaa0-79bb-49d1-86c7-1e427e

=== Seed 219/361: https://www.idee.es/csw-inspire-idee/srv/spa/catalog.search#/metadata/3b836e6f-9 ===
CRAWL depth=0 hops=0 site=www.idee.es url=https://www.idee.es/csw-inspire-idee/srv/spa/catalog.search#/metadata/spacm_ramsar

=== Seed 220/361: https://www.idee.es/csw-inspire-idee/srv/spa/catalog.search#/metadata/bb00d4fd-2 ===
CRAWL depth=0 hops=0 site=www.idee.es url=https://www.idee.es/csw-inspire-idee/srv/spa/catalog.search#/metadata/%7B91FF7A79-CEB3-45A7-9686-C99
CRAWL depth=0 hops=0 site=www.idee.es url=https://www.idee.es/csw-inspire-idee/srv/spa/catalog.search#/metadata/spaicv0704_cartografia_base_hi

=== Seed 221/361: https://www.idee.es/csw-inspire-idee/srv/spa/catalog.search#/metadata/25c84309-1 ===

=== Seed 222/361: https://www.idee.es/csw-inspire-idee/srv/spa/catalog.search#/metadata/spaSITNACA ===
CRAWL depth=0 hops=0 site=www.idee.es url=https://www.idee.es/csw-inspire-idee/srv/spa/catalog.search#/metadata/spaSITNACARBTA_Sym_Hidrografia
CRAWL depth=0 hops=0 site=www.idee.es url=https://www.idee.es/csw-inspire-idee/srv/spa/catalog.search#/metadata/spaSITNACARBTU_Sym_Hidrografia

=== Seed 223/361: https://www.idee.es/csw-inspire-idee/srv/spa/catalog.search#/metadata/ff92e69b-d ===

=== Seed 224/361: https://www.idee.es/csw-inspire-idee/srv/spa/catalog.search#/metadata/4d0f156e-9 ===
CRAWL depth=0 hops=0 site=www.idee.es url=https://www.idee.es/csw-inspire-idee/srv/spa/catalog.search#/metadata/BAD273EB-1FA2-472D-B6F7-DD0D7D

=== Seed 225/361: https://www.idee.es/csw-inspire-idee/srv/spa/catalog.search#/metadata/f62a630e-7 ===
CRAWL depth=0 hops=0 site=www.idee.es url=https://www.idee.es/csw-inspire-idee/srv/spa/catalog.search#/metadata/3b836e6f-99e2-404a-85e1-848cc6
CRAWL depth=0 hops=0 site=www.idee.es url=https://www.idee.es/csw-inspire-idee/srv/spa/catalog.search#/metadata/bb00d4fd-23c0-423e-9672-151990

=== Seed 226/361: https://www.idee.es/csw-inspire-idee/srv/spa/catalog.search#/metadata/spaSITNACA ===

=== Seed 227/361: https://www.idee.es/csw-inspire-idee/srv/spa/catalog.search#/metadata/spaSITNACA ===
CRAWL depth=0 hops=0 site=www.idee.es url=https://www.idee.es/csw-inspire-idee/srv/spa/catalog.search#/metadata/25c84309-1452-427e-8681-676391
CRAWL depth=0 hops=0 site=www.idee.es url=https://www.idee.es/csw-inspire-idee/srv/spa/catalog.search#/metadata/spaSITNACARBTU_Lin_Hidrografia

=== Seed 228/361: https://www.idee.es/csw-inspire-idee/srv/spa/catalog.search#/metadata/spaJEXtmex ===

=== Seed 229/361: https://www.idee.es/csw-inspire-idee/srv/spa/catalog.search#/metadata/spaSITNAHI ===
ERROR depth=0 url=https://www.idee.es/csw-inspire-idee/srv/spa/catalog.search#/metadata/Hidrografí — Page.goto: Timeout 30000ms exceeded.
Call log:
  - navigating to "https://www.idee.es/csw-inspire-idee/srv/spa/catalog.search#/metadata/Hidrograf%C3%ADa%20de%20C%C3%A1ceres%202012", waiting until "networkidle"


=== Seed 230/361: https://www.idee.es/csw-inspire-idee/srv/spa/catalog.search#/metadata/674c84da-2 ===
ERROR depth=0 url=https://www.idee.es/csw-inspire-idee/srv/spa/catalog.search#/metadata/Hidrografí — Page.goto: Timeout 30000ms exceeded.
Call log:
  - navigating to "https://www.idee.es/csw-inspire-idee/srv/spa/catalog.search#/metadata/Hidrograf%C3%ADa%20de%20C%C3%A1ceres%202003", waiting until "networkidle"


=== Seed 231/361: https://www.idee.es/csw-inspire-idee/srv/spa/catalog.search#/metadata/spaSITNACA ===
CRAWL depth=0 hops=0 site=www.idee.es url=https://www.idee.es/csw-inspire-idee/srv/spa/catalog.search#/metadata/4d0f156e-9660-42b0-ae09-ea8f08
ERROR depth=0 url=https://www.idee.es/csw-inspire-idee/srv/spa/catalog.search#/metadata/227797d7-9 — Page.goto: Timeout 30000ms exceeded.
Call log:
  - navigating to "https://www.idee.es/csw-inspire-idee/srv/spa/catalog.search#/metadata/227797d7-9016-4293-8e37-fda0e3333629", waiting until "networkidle"


=== Seed 232/361: https://www.idee.es/csw-inspire-idee/srv/spa/catalog.search#/metadata/spaSITNAIN ===
CRAWL depth=0 hops=0 site=www.idee.es url=https://www.idee.es/csw-inspire-idee/srv/spa/catalog.search#/metadata/ff92e69b-d712-4752-9bae-74178a

=== Seed 233/361: https://www.idee.es/csw-inspire-idee/srv/spa/catalog.search#/metadata/c3f4412c-6 ===
CRAWL depth=0 hops=0 site=www.idee.es url=https://www.idee.es/csw-inspire-idee/srv/spa/catalog.search#/metadata/f62a630e-7237-452c-9b3c-254ae7

=== Seed 234/361: https://www.idee.es/csw-inspire-idee/srv/spa/catalog.search#/metadata/spaignsian ===

=== Seed 235/361: https://www.idee.es/csw-inspire-idee/srv/spa/catalog.search#/metadata/9f7f5b19-3 ===
CRAWL depth=0 hops=0 site=www.idee.es url=https://www.idee.es/csw-inspire-idee/srv/spa/catalog.search#/metadata/spaSITNACARBTU_Pol_Hidrografia
CRAWL depth=0 hops=0 site=www.idee.es url=https://www.idee.es/csw-inspire-idee/srv/spa/catalog.search#/metadata/spaSITNACARBTA_Lin_Hidrografia

=== Seed 236/361: https://www.idee.es/csw-inspire-idee/srv/spa/catalog.search#/metadata/ee478288-0 ===

=== Seed 237/361: https://www.idee.es/csw-inspire-idee/srv/spa/catalog.search#/metadata/7adf0bfe-e ===
CRAWL depth=0 hops=0 site=www.idee.es url=https://www.idee.es/csw-inspire-idee/srv/spa/catalog.search#/metadata/spaJEXtmexEmbalses

=== Seed 238/361: https://www.idee.es/csw-inspire-idee/srv/spa/catalog.search#/metadata/5b351f93-1 ===
CRAWL depth=0 hops=0 site=www.idee.es url=https://www.idee.es/csw-inspire-idee/srv/spa/catalog.search#/metadata/spaSITNAHIDROG_Pol_Embalse.xml
CRAWL depth=0 hops=0 site=www.idee.es url=https://www.idee.es/csw-inspire-idee/srv/spa/catalog.search#/metadata/674c84da-29c3-4672-84c9-47c8fc

=== Seed 239/361: https://www.idee.es/csw-inspire-idee/srv/spa/catalog.search#/metadata/spaSITNARE ===

=== Seed 240/361: https://www.idee.es/csw-inspire-idee/srv/spa/catalog.search#/metadata/spaSITNAHI ===
CRAWL depth=0 hops=0 site=www.idee.es url=https://www.idee.es/csw-inspire-idee/srv/spa/catalog.search#/metadata/spaSITNACARBTA_Lin_Hidrografia

=== Seed 241/361: https://www.idee.es/csw-inspire-idee/srv/spa/catalog.search#/metadata/f8d6869d-d ===
CRAWL depth=0 hops=0 site=www.idee.es url=https://www.idee.es/csw-inspire-idee/srv/spa/catalog.search#/metadata/spaSITNAINFRAE_Sym_PozoResalto

=== Seed 242/361: https://www.idee.es/csw-inspire-idee/srv/spa/catalog.search#/metadata/f14c16ba-c ===
CRAWL depth=0 hops=0 site=www.idee.es url=https://www.idee.es/csw-inspire-idee/srv/spa/catalog.search#/metadata/c3f4412c-6a82-49e0-baf0-2b40d6

=== Seed 243/361: https://www.idee.es/csw-inspire-idee/srv/spa/catalog.search#/metadata/spaSITNAIN ===
CRAWL depth=0 hops=0 site=www.idee.es url=https://www.idee.es/csw-inspire-idee/srv/spa/catalog.search#/metadata/9f7f5b19-35ae-478a-9822-dd2bf7
CRAWL depth=0 hops=0 site=www.idee.es url=https://www.idee.es/csw-inspire-idee/srv/spa/catalog.search#/metadata/spaignsiane_mapas_generales_an

=== Seed 244/361: https://www.idee.es/csw-inspire-idee/srv/spa/catalog.search#/metadata/spaSITNARE ===

=== Seed 245/361: https://www.idee.es/csw-inspire-idee/srv/spa/catalog.search#/metadata/{086DEA60- ===
CRAWL depth=0 hops=0 site=www.idee.es url=https://www.idee.es/csw-inspire-idee/srv/spa/catalog.search#/metadata/7adf0bfe-e94b-4e6c-b086-ea1202
CRAWL depth=0 hops=0 site=www.idee.es url=https://www.idee.es/csw-inspire-idee/srv/spa/catalog.search#/metadata/ee478288-01df-4c86-9d50-72c8d3

=== Seed 246/361: https://www.idee.es/csw-inspire-idee/srv/spa/catalog.search#/metadata/5a8b9f66-1 ===

=== Seed 247/361: https://www.idee.es/csw-inspire-idee/srv/spa/catalog.search#/metadata/c90d9d76-6 ===
CRAWL depth=0 hops=0 site=www.idee.es url=https://www.idee.es/csw-inspire-idee/srv/spa/catalog.search#/metadata/5b351f93-1719-425e-88a4-8298d4

=== Seed 248/361: https://www.idee.es/csw-inspire-idee/srv/spa/catalog.search#/metadata/sit_hid_re ===
CRAWL depth=0 hops=0 site=www.idee.es url=https://www.idee.es/csw-inspire-idee/srv/spa/catalog.search#/metadata/spaSITNAHIDROG_Sym_CalidBio.xm

=== Seed 249/361: https://www.idee.es/csw-inspire-idee/srv/spa/catalog.search#/metadata/spaSITNAHI ===
CRAWL depth=0 hops=0 site=www.idee.es url=https://www.idee.es/csw-inspire-idee/srv/spa/catalog.search#/metadata/f8d6869d-d585-4beb-ba72-255609

=== Seed 250/361: https://www.idee.es/csw-inspire-idee/srv/spa/catalog.search#/metadata/27d002bf-f ===
CRAWL depth=0 hops=0 site=www.idee.es url=https://www.idee.es/csw-inspire-idee/srv/spa/catalog.search#/metadata/spaSITNAREGADI_Pol_ZonaRiego.x

=== Seed 251/361: https://www.idee.es/csw-inspire-idee/srv/spa/catalog.search#/metadata/sit_hid_ca ===
CRAWL depth=0 hops=0 site=www.idee.es url=https://www.idee.es/csw-inspire-idee/srv/spa/catalog.search#/metadata/f14c16ba-c62e-44c0-afc4-f62bf5

=== Seed 252/361: https://www.idee.es/csw-inspire-idee/srv/spa/catalog.search#/metadata/f9d6fc0a-d ===
CRAWL depth=0 hops=0 site=www.idee.es url=https://www.idee.es/csw-inspire-idee/srv/spa/catalog.search#/metadata/spaSITNAINFRAE_Sym_ArquetaVor.

=== Seed 253/361: https://www.idee.es/csw-inspire-idee/srv/spa/catalog.search#/metadata/spacm_btah ===
CRAWL depth=0 hops=0 site=www.idee.es url=https://www.idee.es/csw-inspire-idee/srv/spa/catalog.search#/metadata/spaSITNAREGADI_Sym_TomaUniRie.

=== Seed 254/361: https://www.idee.es/csw-inspire-idee/srv/spa/catalog.search#/metadata/d289b183-f ===
CRAWL depth=0 hops=0 site=www.idee.es url=https://www.idee.es/csw-inspire-idee/srv/spa/catalog.search#/metadata/%7B086DEA60-3BF1-4DC6-8ACA-8D5

=== Seed 255/361: https://www.idee.es/csw-inspire-idee/srv/spa/catalog.search#/metadata/spacm_btah ===
CRAWL depth=0 hops=0 site=www.idee.es url=https://www.idee.es/csw-inspire-idee/srv/spa/catalog.search#/metadata/c90d9d76-6a59-458c-aa05-58d110

=== Seed 256/361: https://www.idee.es/csw-inspire-idee/srv/spa/catalog.search#/metadata/8c13dce4-4 ===
CRAWL depth=0 hops=0 site=www.idee.es url=https://www.idee.es/csw-inspire-idee/srv/spa/catalog.search#/metadata/5a8b9f66-1126-4b73-91bf-202a01
CRAWL depth=0 hops=0 site=www.idee.es url=https://www.idee.es/csw-inspire-idee/srv/spa/catalog.search#/metadata/sit_hid_red_riego_murcia_carm_

=== Seed 257/361: https://www.idee.es/csw-inspire-idee/srv/spa/catalog.search#/metadata/3707fa28-7 ===
CRAWL depth=0 hops=0 site=www.idee.es url=https://www.idee.es/csw-inspire-idee/srv/spa/catalog.search#/metadata/spaSITNAHIDROG_Sym_AforoPiezo.

=== Seed 258/361: https://www.idee.es/csw-inspire-idee/srv/spa/catalog.search#/metadata/a69a0ff8-d ===

=== Seed 259/361: https://www.idee.es/csw-inspire-idee/srv/spa/catalog.search#/metadata/spacm_ceh_ ===
CRAWL depth=0 hops=0 site=www.idee.es url=https://www.idee.es/csw-inspire-idee/srv/spa/catalog.search#/metadata/f9d6fc0a-d692-4462-bff3-ee7806

=== Seed 260/361: https://www.idee.es/csw-inspire-idee/srv/spa/catalog.search#/metadata/69bc6a96-a ===
CRAWL depth=0 hops=0 site=www.idee.es url=https://www.idee.es/csw-inspire-idee/srv/spa/catalog.search#/metadata/27d002bf-fe5a-4db6-a87c-9ee275
CRAWL depth=0 hops=0 site=www.idee.es url=https://www.idee.es/csw-inspire-idee/srv/spa/catalog.search#/metadata/sit_hid_cauces_carm_v_inv_cauc

=== Seed 261/361: https://www.idee.es/csw-inspire-idee/srv/spa/catalog.search#/metadata/d0bf0f3b-0 ===

=== Seed 262/361: https://www.idee.es/csw-inspire-idee/srv/spa/catalog.search#/metadata/5f781f34-7 ===
CRAWL depth=0 hops=0 site=www.idee.es url=https://www.idee.es/csw-inspire-idee/srv/spa/catalog.search#/metadata/spacm_btahidrolin2011

=== Seed 263/361: https://www.idee.es/csw-inspire-idee/srv/spa/catalog.search#/metadata/a903400e-f ===
CRAWL depth=0 hops=0 site=www.idee.es url=https://www.idee.es/csw-inspire-idee/srv/spa/catalog.search#/metadata/spacm_btahidropun2011

=== Seed 264/361: https://www.idee.es/csw-inspire-idee/srv/spa/catalog.search#/metadata/fe7587d9-3 ===
CRAWL depth=0 hops=0 site=www.idee.es url=https://www.idee.es/csw-inspire-idee/srv/spa/catalog.search#/metadata/8c13dce4-47e2-4cb9-997c-306f1e

=== Seed 265/361: https://www.idee.es/csw-inspire-idee/srv/spa/catalog.search#/metadata/11c063db-7 ===
CRAWL depth=0 hops=0 site=www.idee.es url=https://www.idee.es/csw-inspire-idee/srv/spa/catalog.search#/metadata/d289b183-f343-473a-bdbc-99bc16

=== Seed 266/361: https://www.idee.es/csw-inspire-idee/srv/spa/catalog.search#/metadata/spaSITNAHI ===
CRAWL depth=0 hops=0 site=www.idee.es url=https://www.idee.es/csw-inspire-idee/srv/spa/catalog.search#/metadata/3707fa28-712a-45e0-91e9-49c7a5

=== Seed 267/361: https://www.idee.es/csw-inspire-idee/srv/spa/catalog.search#/metadata/e3cb19bb-4 ===
CRAWL depth=0 hops=0 site=www.idee.es url=https://www.idee.es/csw-inspire-idee/srv/spa/catalog.search#/metadata/a69a0ff8-d4ef-491e-aeb3-dcb126
CRAWL depth=0 hops=0 site=www.idee.es url=https://www.idee.es/csw-inspire-idee/srv/spa/catalog.search#/metadata/spacm_ceh_humedales

=== Seed 268/361: https://www.idee.es/csw-inspire-idee/srv/spa/catalog.search#/metadata/8a596e56-8 ===

=== Seed 269/361: https://www.idee.es/csw-inspire-idee/srv/spa/catalog.search#/metadata/spaSITNAHI ===
CRAWL depth=0 hops=0 site=www.idee.es url=https://www.idee.es/csw-inspire-idee/srv/spa/catalog.search#/metadata/69bc6a96-a302-4a91-a949-aae314
CRAWL depth=0 hops=0 site=www.idee.es url=https://www.idee.es/csw-inspire-idee/srv/spa/catalog.search#/metadata/5f781f34-7a79-457b-9fdc-10bd43
CRAWL depth=0 hops=0 site=www.idee.es url=https://www.idee.es/csw-inspire-idee/srv/spa/catalog.search#/metadata/d0bf0f3b-0e44-4549-a65f-3764b3

=== Seed 270/361: https://www.idee.es/csw-inspire-idee/srv/spa/catalog.search#/metadata/bb0c9c36-3 ===

=== Seed 271/361: https://www.idee.es/csw-inspire-idee/srv/spa/catalog.search#/metadata/d63ca757-1 ===

=== Seed 272/361: https://www.idee.es/csw-inspire-idee/srv/spa/catalog.search#/metadata/6b82728f-2 ===
CRAWL depth=0 hops=0 site=www.idee.es url=https://www.idee.es/csw-inspire-idee/srv/spa/catalog.search#/metadata/a903400e-f7bb-4f2c-ae59-96c79b

=== Seed 273/361: https://www.idee.es/csw-inspire-idee/srv/spa/catalog.search#/metadata/spaignsian ===
CRAWL depth=0 hops=0 site=www.idee.es url=https://www.idee.es/csw-inspire-idee/srv/spa/catalog.search#/metadata/fe7587d9-3216-46e2-ab78-ba0ca7

=== Seed 274/361: https://www.idee.es/csw-inspire-idee/srv/spa/catalog.search#/metadata/dbf67e66-6 ===
CRAWL depth=0 hops=0 site=www.idee.es url=https://www.idee.es/csw-inspire-idee/srv/spa/catalog.search#/metadata/11c063db-7d2b-4517-a949-d7da99

=== Seed 275/361: https://www.idee.es/csw-inspire-idee/srv/spa/catalog.search#/metadata/1fef3d78-1 ===
CRAWL depth=0 hops=0 site=www.idee.es url=https://www.idee.es/csw-inspire-idee/srv/spa/catalog.search#/metadata/spaSITNAHIDROG_Pol_DphZsZp.xml

=== Seed 276/361: https://www.idee.es/csw-inspire-idee/srv/spa/catalog.search#/metadata/spaSITNAHI ===
CRAWL depth=0 hops=0 site=www.idee.es url=https://www.idee.es/csw-inspire-idee/srv/spa/catalog.search#/metadata/e3cb19bb-4392-4d12-a892-b088fa
CRAWL depth=0 hops=0 site=www.idee.es url=https://www.idee.es/csw-inspire-idee/srv/spa/catalog.search#/metadata/8a596e56-8977-4adf-a0e4-bd557b

=== Seed 277/361: https://www.idee.es/csw-inspire-idee/srv/spa/catalog.search#/metadata/spaSITNAIN ===

=== Seed 278/361: https://www.idee.es/csw-inspire-idee/srv/spa/catalog.search#/metadata/be921180-d ===
CRAWL depth=0 hops=0 site=www.idee.es url=https://www.idee.es/csw-inspire-idee/srv/spa/catalog.search#/metadata/spaSITNAHIDROG_Pol_VulneNitra_

=== Seed 279/361: https://www.idee.es/csw-inspire-idee/srv/spa/catalog.search#/metadata/cf5b2588-0 ===
CRAWL depth=0 hops=0 site=www.idee.es url=https://www.idee.es/csw-inspire-idee/srv/spa/catalog.search#/metadata/bb0c9c36-35e4-48d1-8342-12de43
CRAWL depth=0 hops=0 site=www.idee.es url=https://www.idee.es/csw-inspire-idee/srv/spa/catalog.search#/metadata/d63ca757-1b4e-48f8-af13-3fa6fc
CRAWL depth=0 hops=0 site=www.idee.es url=https://www.idee.es/csw-inspire-idee/srv/spa/catalog.search#/metadata/6b82728f-2360-4a06-9e85-ef748e

=== Seed 280/361: https://www.idee.es/csw-inspire-idee/srv/spa/catalog.search#/metadata/spaPAMPLON ===

=== Seed 281/361: https://www.idee.es/csw-inspire-idee/srv/spa/catalog.search#/metadata/0eee03a7-7 ===

=== Seed 282/361: https://www.idee.es/csw-inspire-idee/srv/spa/catalog.search#/metadata/4fa179bc-e ===
CRAWL depth=0 hops=0 site=www.idee.es url=https://www.idee.es/csw-inspire-idee/srv/spa/catalog.search#/metadata/spaignsiane_mapas_generales

=== Seed 283/361: https://www.idee.es/csw-inspire-idee/srv/spa/catalog.search#/metadata/0d7a2e9a-7 ===
CRAWL depth=0 hops=0 site=www.idee.es url=https://www.idee.es/csw-inspire-idee/srv/spa/catalog.search#/metadata/dbf67e66-6c88-4bf3-b6f1-7d8694

=== Seed 284/361: https://www.idee.es/csw-inspire-idee/srv/spa/catalog.search#/metadata/a6b3284e-0 ===
CRAWL depth=0 hops=0 site=www.idee.es url=https://www.idee.es/csw-inspire-idee/srv/spa/catalog.search#/metadata/1fef3d78-1e17-4b15-8571-936f44

=== Seed 285/361: https://www.idee.es/csw-inspire-idee/srv/spa/catalog.search#/metadata/0179F469-9 ===
CRAWL depth=0 hops=0 site=www.idee.es url=https://www.idee.es/csw-inspire-idee/srv/spa/catalog.search#/metadata/spaSITNAHIDROG_Pol_PRetOtrosGN

=== Seed 286/361: https://www.idee.es/csw-inspire-idee/srv/spa/catalog.search#/metadata/6beecbb7-3 ===
CRAWL depth=0 hops=0 site=www.idee.es url=https://www.idee.es/csw-inspire-idee/srv/spa/catalog.search#/metadata/be921180-dd9a-44e7-9881-4adfaf
CRAWL depth=0 hops=0 site=www.idee.es url=https://www.idee.es/csw-inspire-idee/srv/spa/catalog.search#/metadata/spaSITNAINFRAE_Lin_Conduccion.

=== Seed 287/361: https://www.idee.es/csw-inspire-idee/srv/spa/catalog.search#/metadata/5f35d26a-b ===

=== Seed 288/361: https://www.idee.es/csw-inspire-idee/srv/spa/catalog.search#/metadata/ba8b2e9f-4 ===
CRAWL depth=0 hops=0 site=www.idee.es url=https://www.idee.es/csw-inspire-idee/srv/spa/catalog.search#/metadata/cf5b2588-0ad7-44dd-b5ce-7ae466
CRAWL depth=0 hops=0 site=www.idee.es url=https://www.idee.es/csw-inspire-idee/srv/spa/catalog.search#/metadata/0eee03a7-7012-41ec-9ab8-bf1142

=== Seed 289/361: https://www.idee.es/csw-inspire-idee/srv/spa/catalog.search#/metadata/spacarmapa ===

=== Seed 290/361: https://www.idee.es/csw-inspire-idee/srv/spa/catalog.search#/metadata/8f9910df-c ===
CRAWL depth=0 hops=0 site=www.idee.es url=https://www.idee.es/csw-inspire-idee/srv/spa/catalog.search#/metadata/spaPAMPLONA_AMBI_Pol_Inundacio

=== Seed 291/361: https://www.idee.es/csw-inspire-idee/srv/spa/catalog.search#/metadata/e4590b33-a ===
CRAWL depth=0 hops=0 site=www.idee.es url=https://www.idee.es/csw-inspire-idee/srv/spa/catalog.search#/metadata/0d7a2e9a-7905-4d06-be84-302e4d

=== Seed 292/361: https://www.idee.es/csw-inspire-idee/srv/spa/catalog.search#/metadata/c8e00327-4 ===
CRAWL depth=0 hops=0 site=www.idee.es url=https://www.idee.es/csw-inspire-idee/srv/spa/catalog.search#/metadata/a6b3284e-0177-4c98-be64-9ebbb6

=== Seed 293/361: https://www.idee.es/csw-inspire-idee/srv/spa/catalog.search#/metadata/spacm_btah ===
CRAWL depth=0 hops=0 site=www.idee.es url=https://www.idee.es/csw-inspire-idee/srv/spa/catalog.search#/metadata/4fa179bc-edb7-4908-a141-e4bdd7

=== Seed 294/361: https://www.idee.es/csw-inspire-idee/srv/spa/catalog.search#/metadata/dce51a24-d ===
CRAWL depth=0 hops=0 site=www.idee.es url=https://www.idee.es/csw-inspire-idee/srv/spa/catalog.search#/metadata/6beecbb7-301a-44a1-8508-5812a5

=== Seed 295/361: https://www.idee.es/csw-inspire-idee/srv/spa/catalog.search#/metadata/cded05d7-f ===
CRAWL depth=0 hops=0 site=www.idee.es url=https://www.idee.es/csw-inspire-idee/srv/spa/catalog.search#/metadata/ba8b2e9f-4adc-41a7-af2e-df0e42
CRAWL depth=0 hops=0 site=www.idee.es url=https://www.idee.es/csw-inspire-idee/srv/spa/catalog.search#/metadata/5f35d26a-b66f-4248-a123-0acdb2
CRAWL depth=0 hops=0 site=www.idee.es url=https://www.idee.es/csw-inspire-idee/srv/spa/catalog.search#/metadata/spacarmapabase

=== Seed 296/361: https://www.idee.es/csw-inspire-idee/srv/spa/catalog.search#/metadata/spaicv_fot ===

=== Seed 297/361: https://www.idee.es/csw-inspire-idee/srv/spa/catalog.search#/metadata/spaSITNACA ===

=== Seed 298/361: https://www.idee.es/csw-inspire-idee/srv/spa/catalog.search#/metadata/dbef9941-2 ===
CRAWL depth=0 hops=0 site=www.idee.es url=https://www.idee.es/csw-inspire-idee/srv/spa/catalog.search#/metadata/8f9910df-cd79-4995-a447-4aaca5

=== Seed 299/361: https://www.idee.es/csw-inspire-idee/srv/spa/catalog.search#/metadata/spaSITNAHI ===
CRAWL depth=0 hops=0 site=www.idee.es url=https://www.idee.es/csw-inspire-idee/srv/spa/catalog.search#/metadata/e4590b33-ad94-43f4-8723-9b96dc

=== Seed 300/361: https://www.idee.es/csw-inspire-idee/srv/spa/catalog.search#/metadata/7c80c5a4-0 ===
CRAWL depth=0 hops=0 site=www.idee.es url=https://www.idee.es/csw-inspire-idee/srv/spa/catalog.search#/metadata/spacm_btahidropol2011
CRAWL depth=0 hops=0 site=www.idee.es url=https://www.idee.es/csw-inspire-idee/srv/spa/catalog.search#/metadata/c8e00327-4a10-4b18-9d10-37969b

=== Seed 301/361: https://www.idee.es/csw-inspire-idee/srv/spa/catalog.search#/metadata/spaSITNACA ===

=== Seed 302/361: https://www.idee.es/csw-inspire-idee/srv/spa/catalog.search#/metadata/spaSITNAIN ===
CRAWL depth=0 hops=0 site=www.idee.es url=https://www.idee.es/csw-inspire-idee/srv/spa/catalog.search#/metadata/dce51a24-df5c-48e4-b885-79a37f
CRAWL depth=0 hops=0 site=www.idee.es url=https://www.idee.es/csw-inspire-idee/srv/spa/catalog.search#/metadata/0179F469-9B5F-407E-BD6B-BB28BA

=== Seed 303/361: https://www.idee.es/csw-inspire-idee/srv/spa/catalog.search#/metadata/ca4d457b-f ===

=== Seed 304/361: https://www.idee.es/csw-inspire-idee/srv/spa/catalog.search#/metadata/452d9692-0 ===
CRAWL depth=0 hops=0 site=www.idee.es url=https://www.idee.es/csw-inspire-idee/srv/spa/catalog.search#/metadata/dbef9941-22f3-42cb-9656-6e29d4
CRAWL depth=0 hops=0 site=www.idee.es url=https://www.idee.es/csw-inspire-idee/srv/spa/catalog.search#/metadata/cded05d7-f6c5-4512-86d2-82ca43

=== Seed 305/361: https://www.idee.es/csw-inspire-idee/srv/spa/catalog.search#/metadata/d2f590a1-5 ===

=== Seed 306/361: https://www.idee.es/csw-inspire-idee/srv/spa/catalog.search#/metadata/58605e26-e ===
CRAWL depth=0 hops=0 site=www.idee.es url=https://www.idee.es/csw-inspire-idee/srv/spa/catalog.search#/metadata/spaSITNACARBTA_Sym_Hidrografia

=== Seed 307/361: https://www.idee.es/csw-inspire-idee/srv/spa/catalog.search#/metadata/sit_hid_re ===
CRAWL depth=0 hops=0 site=www.idee.es url=https://www.idee.es/csw-inspire-idee/srv/spa/catalog.search#/metadata/spaicv_foto_cauces_fluviales_r

=== Seed 308/361: https://www.idee.es/csw-inspire-idee/srv/spa/catalog.search#/metadata/1df1c182-d ===
CRAWL depth=0 hops=0 site=www.idee.es url=https://www.idee.es/csw-inspire-idee/srv/spa/catalog.search#/metadata/spaSITNAHIDROG_Sym_CalidFQSubB
CRAWL depth=0 hops=0 site=www.idee.es url=https://www.idee.es/csw-inspire-idee/srv/spa/catalog.search#/metadata/ca4d457b-f486-4d5e-9a5e-44b8a1

=== Seed 309/361: https://www.idee.es/csw-inspire-idee/srv/spa/catalog.search#/metadata/inspire-hi ===

=== Seed 310/361: https://www.idee.es/csw-inspire-idee/srv/spa/catalog.search#/metadata/3e590e9c-7 ===
CRAWL depth=0 hops=0 site=www.idee.es url=https://www.idee.es/csw-inspire-idee/srv/spa/catalog.search#/metadata/7c80c5a4-010b-4437-9d3d-bdfd1f

=== Seed 311/361: https://www.idee.es/csw-inspire-idee/srv/spa/catalog.search#/metadata/spaicv0101 ===
CRAWL depth=0 hops=0 site=www.idee.es url=https://www.idee.es/csw-inspire-idee/srv/spa/catalog.search#/metadata/spaSITNAINFRAE_Pol_ArquetaPur.
CRAWL depth=0 hops=0 site=www.idee.es url=https://www.idee.es/csw-inspire-idee/srv/spa/catalog.search#/metadata/spaSITNACARBTA_Pol_Hidrografia

=== Seed 312/361: https://www.idee.es/csw-inspire-idee/srv/spa/catalog.search#/metadata/spaSITNAIN ===

=== Seed 313/361: https://www.idee.es/csw-inspire-idee/srv/spa/catalog.search#/metadata/e9dec703-8 ===
CRAWL depth=0 hops=0 site=www.idee.es url=https://www.idee.es/csw-inspire-idee/srv/spa/catalog.search#/metadata/452d9692-0d21-4781-9cfa-a1062e

=== Seed 314/361: https://www.idee.es/csw-inspire-idee/srv/spa/catalog.search#/metadata/{086DEA60- ===
CRAWL depth=0 hops=0 site=www.idee.es url=https://www.idee.es/csw-inspire-idee/srv/spa/catalog.search#/metadata/d2f590a1-56c9-436f-8d64-9ae024
CRAWL depth=0 hops=0 site=www.idee.es url=https://www.idee.es/csw-inspire-idee/srv/spa/catalog.search#/metadata/58605e26-e721-4fa7-bfbf-bae0e1

=== Seed 315/361: https://www.idee.es/csw-inspire-idee/srv/spa/catalog.search#/metadata/a78de7ce-b ===

=== Seed 316/361: https://www.idee.es/csw-inspire-idee/srv/spa/catalog.search#/metadata/c532a12a-5 ===
CRAWL depth=0 hops=0 site=www.idee.es url=https://www.idee.es/csw-inspire-idee/srv/spa/catalog.search#/metadata/sit_hid_red_riego_murcia_carm_

=== Seed 317/361: https://www.idee.es/csw-inspire-idee/srv/spa/catalog.search#/metadata/128cc898-a ===
CRAWL depth=0 hops=0 site=www.idee.es url=https://www.idee.es/csw-inspire-idee/srv/spa/catalog.search#/metadata/1df1c182-d7ac-4fa0-a207-ba3473

=== Seed 318/361: https://www.idee.es/csw-inspire-idee/srv/spa/catalog.search#/metadata/0e06cab0-2 ===
CRAWL depth=0 hops=0 site=www.idee.es url=https://www.idee.es/csw-inspire-idee/srv/spa/catalog.search#/metadata/inspire-hidrografia

=== Seed 319/361: https://www.idee.es/csw-inspire-idee/srv/spa/catalog.search#/metadata/a49d5bef-f ===
CRAWL depth=0 hops=0 site=www.idee.es url=https://www.idee.es/csw-inspire-idee/srv/spa/catalog.search#/metadata/3e590e9c-7027-4237-979d-da80c9
CRAWL depth=0 hops=0 site=www.idee.es url=https://www.idee.es/csw-inspire-idee/srv/spa/catalog.search#/metadata/spaicv0101_CV25

=== Seed 320/361: https://www.idee.es/csw-inspire-idee/srv/spa/catalog.search#/metadata/0ed506bc-a ===

=== Seed 321/361: https://www.idee.es/csw-inspire-idee/srv/spa/catalog.search#/metadata/a7980578-d ===
CRAWL depth=0 hops=0 site=www.idee.es url=https://www.idee.es/csw-inspire-idee/srv/spa/catalog.search#/metadata/e9dec703-831c-458c-ac3e-8da32b
CRAWL depth=0 hops=0 site=www.idee.es url=https://www.idee.es/csw-inspire-idee/srv/spa/catalog.search#/metadata/spaSITNAINFRAE_Sym_ArquetaDes.

=== Seed 322/361: https://www.idee.es/csw-inspire-idee/srv/spa/catalog.search#/metadata/CBB7370A-0 ===

=== Seed 323/361: https://www.idee.es/csw-inspire-idee/srv/spa/catalog.search#/metadata/bce9fa56-4 ===
CRAWL depth=0 hops=0 site=www.idee.es url=https://www.idee.es/csw-inspire-idee/srv/spa/catalog.search#/metadata/%7B086DEA60-3BF1-4DC6-8ACA-8D5

=== Seed 324/361: https://www.idee.es/csw-inspire-idee/srv/spa/catalog.search#/metadata/b1a7ff61-0 ===
CRAWL depth=0 hops=0 site=www.idee.es url=https://www.idee.es/csw-inspire-idee/srv/spa/catalog.search#/metadata/0e06cab0-218a-4bed-811a-4f276d

=== Seed 325/361: https://www.idee.es/csw-inspire-idee/srv/spa/catalog.search#/metadata/afaa6a61-b ===
CRAWL depth=0 hops=0 site=www.idee.es url=https://www.idee.es/csw-inspire-idee/srv/spa/catalog.search#/metadata/a78de7ce-b5cf-44be-a4f1-b08b0a
CRAWL depth=0 hops=0 site=www.idee.es url=https://www.idee.es/csw-inspire-idee/srv/spa/catalog.search#/metadata/c532a12a-5a6a-4dba-9d67-692283

=== Seed 326/361: https://www.idee.es/csw-inspire-idee/srv/spa/catalog.search#/metadata/2E3470FC-7 ===

=== Seed 327/361: https://www.idee.es/csw-inspire-idee/srv/spa/catalog.search#/metadata/26e24ffe-d ===
CRAWL depth=0 hops=0 site=www.idee.es url=https://www.idee.es/csw-inspire-idee/srv/spa/catalog.search#/metadata/128cc898-a618-4d8d-86a5-2a6bf7

=== Seed 328/361: https://www.idee.es/csw-inspire-idee/srv/spa/catalog.search#/metadata/spaicv0101 ===
CRAWL depth=0 hops=0 site=www.idee.es url=https://www.idee.es/csw-inspire-idee/srv/spa/catalog.search#/metadata/a49d5bef-fa1d-4867-a21e-b544f8

=== Seed 329/361: https://www.idee.es/csw-inspire-idee/srv/spa/catalog.search#/metadata/d91d6c17-0 ===
CRAWL depth=0 hops=0 site=www.idee.es url=https://www.idee.es/csw-inspire-idee/srv/spa/catalog.search#/metadata/0ed506bc-a845-44b4-8fcb-01fcf5
CRAWL depth=0 hops=0 site=www.idee.es url=https://www.idee.es/csw-inspire-idee/srv/spa/catalog.search#/metadata/a7980578-da51-4730-8339-5d5e84

=== Seed 330/361: https://www.idee.es/csw-inspire-idee/srv/spa/catalog.search#/metadata/spaSITNAHI ===

=== Seed 331/361: https://www.idee.es/csw-inspire-idee/srv/spa/catalog.search#/metadata/7a895abf-b ===
CRAWL depth=0 hops=0 site=www.idee.es url=https://www.idee.es/csw-inspire-idee/srv/spa/catalog.search#/metadata/bce9fa56-4ad6-43a9-9144-324670

=== Seed 332/361: https://www.idee.es/csw-inspire-idee/srv/spa/catalog.search#/metadata/4082ffcc-e ===
CRAWL depth=0 hops=0 site=www.idee.es url=https://www.idee.es/csw-inspire-idee/srv/spa/catalog.search#/metadata/b1a7ff61-0826-423b-8f30-2d93d6

=== Seed 333/361: https://www.idee.es/csw-inspire-idee/srv/spa/catalog.search#/metadata/4c25cfab-2 ===
CRAWL depth=0 hops=0 site=www.idee.es url=https://www.idee.es/csw-inspire-idee/srv/spa/catalog.search#/metadata/afaa6a61-b5bb-417e-bf37-ad1854

=== Seed 334/361: https://www.idee.es/csw-inspire-idee/srv/spa/catalog.search#/metadata/49e0479e-8 ===
CRAWL depth=0 hops=0 site=www.idee.es url=https://www.idee.es/csw-inspire-idee/srv/spa/catalog.search#/metadata/26e24ffe-d623-4abb-a403-9abc9c

=== Seed 335/361: https://www.idee.es/csw-inspire-idee/srv/spa/catalog.search#/metadata/0b537453-d ===
CRAWL depth=0 hops=0 site=www.idee.es url=https://www.idee.es/csw-inspire-idee/srv/spa/catalog.search#/metadata/spaicv0101_CV50

=== Seed 336/361: https://www.idee.es/csw-inspire-idee/srv/spa/catalog.search#/metadata/6d8fba89-e ===
CRAWL depth=0 hops=0 site=www.idee.es url=https://www.idee.es/csw-inspire-idee/srv/spa/catalog.search#/metadata/spaSITNAHIDROG_Lin_RedHidro250
CRAWL depth=0 hops=0 site=www.idee.es url=https://www.idee.es/csw-inspire-idee/srv/spa/catalog.search#/metadata/d91d6c17-0443-436f-b917-68bbc1

=== Seed 337/361: https://www.idee.es/csw-inspire-idee/srv/spa/catalog.search#/metadata/6ca58ee2-b ===

=== Seed 338/361: https://www.idee.es/csw-inspire-idee/srv/spa/catalog.search#/metadata/553e1119-e ===
CRAWL depth=0 hops=0 site=www.idee.es url=https://www.idee.es/csw-inspire-idee/srv/spa/catalog.search#/metadata/7a895abf-bd7d-4914-9842-34ca44

=== Seed 339/361: https://www.idee.es/csw-inspire-idee/srv/spa/catalog.search#/metadata/681b48e1-c ===
CRAWL depth=0 hops=0 site=www.idee.es url=https://www.idee.es/csw-inspire-idee/srv/spa/catalog.search#/metadata/4082ffcc-e912-4d33-88a9-9e54a8

=== Seed 340/361: https://www.idee.es/csw-inspire-idee/srv/spa/catalog.search#/metadata/spaSITNARE ===
CRAWL depth=0 hops=0 site=www.idee.es url=https://www.idee.es/csw-inspire-idee/srv/spa/catalog.search#/metadata/CBB7370A-0E34-4BAE-854F-124C64

=== Seed 341/361: https://www.idee.es/csw-inspire-idee/srv/spa/catalog.search#/metadata/sit_hid_re ===
CRAWL depth=0 hops=0 site=www.idee.es url=https://www.idee.es/csw-inspire-idee/srv/spa/catalog.search#/metadata/4c25cfab-2c51-4bd7-a444-70b44e

=== Seed 342/361: https://www.idee.es/csw-inspire-idee/srv/spa/catalog.search#/metadata/spaSITNAHI ===
CRAWL depth=0 hops=0 site=www.idee.es url=https://www.idee.es/csw-inspire-idee/srv/spa/catalog.search#/metadata/49e0479e-8d4a-4632-baf2-5b2ba0
CRAWL depth=0 hops=0 site=www.idee.es url=https://www.idee.es/csw-inspire-idee/srv/spa/catalog.search#/metadata/2E3470FC-72C7-4884-8A9B-2A9837
CRAWL depth=0 hops=0 site=www.idee.es url=https://www.idee.es/csw-inspire-idee/srv/spa/catalog.search#/metadata/0b537453-da98-4d1a-ac70-84dc7b

=== Seed 343/361: https://www.idee.es/csw-inspire-idee/srv/spa/catalog.search#/metadata/f0ad1b2d-d ===

=== Seed 344/361: https://www.idee.es/csw-inspire-idee/srv/spa/catalog.search#/metadata/4b3ce99a-8 ===

=== Seed 345/361: https://www.idee.es/csw-inspire-idee/srv/spa/catalog.search#/metadata/a56004e5-6 ===
CRAWL depth=0 hops=0 site=www.idee.es url=https://www.idee.es/csw-inspire-idee/srv/spa/catalog.search#/metadata/6d8fba89-e2ce-469b-bf00-0335ae
CRAWL depth=0 hops=0 site=www.idee.es url=https://www.idee.es/csw-inspire-idee/srv/spa/catalog.search#/metadata/553e1119-e940-42ab-8a16-d86340

=== Seed 346/361: https://www.idee.es/csw-inspire-idee/srv/spa/catalog.search#/metadata/spaSITNAIN ===
CRAWL depth=0 hops=0 site=www.idee.es url=https://www.idee.es/csw-inspire-idee/srv/spa/catalog.search#/metadata/681b48e1-ce6e-4c67-9c19-2590b0

=== Seed 347/361: https://www.idee.es/csw-inspire-idee/srv/spa/catalog.search#/metadata/spaSITNAHI ===
CRAWL depth=0 hops=0 site=www.idee.es url=https://www.idee.es/csw-inspire-idee/srv/spa/catalog.search#/metadata/6ca58ee2-bb87-4b38-a162-63004e

=== Seed 348/361: https://www.idee.es/csw-inspire-idee/srv/spa/catalog.search#/metadata/spaSITNAIN ===

=== Seed 349/361: https://www.idee.es/csw-inspire-idee/srv/spa/catalog.search#/metadata/spaSITNAHI ===
CRAWL depth=0 hops=0 site=www.idee.es url=https://www.idee.es/csw-inspire-idee/srv/spa/catalog.search#/metadata/spaSITNAREGADI_Lin_Conduccion.

=== Seed 350/361: https://www.idee.es/csw-inspire-idee/srv/spa/catalog.search#/metadata/e157ba4c-f ===
CRAWL depth=0 hops=0 site=www.idee.es url=https://www.idee.es/csw-inspire-idee/srv/spa/catalog.search#/metadata/sit_hid_red_riego_murcia_carm_

=== Seed 351/361: https://www.idee.es/csw-inspire-idee/srv/spa/catalog.search#/metadata/{91FF7A79- ===
CRAWL depth=0 hops=0 site=www.idee.es url=https://www.idee.es/csw-inspire-idee/srv/spa/catalog.search#/metadata/spaSITNAHIDROG_Sym_CalidFQSubN

=== Seed 352/361: https://www.idee.es/csw-inspire-idee/srv/spa/catalog.search#/metadata/bf02855d-8 ===
CRAWL depth=0 hops=0 site=www.idee.es url=https://www.idee.es/csw-inspire-idee/srv/spa/catalog.search#/metadata/f0ad1b2d-d5a5-465d-9147-75fe12
CRAWL depth=0 hops=0 site=www.idee.es url=https://www.idee.es/csw-inspire-idee/srv/spa/catalog.search#/metadata/4b3ce99a-82c1-4283-8dc8-f22f80

=== Seed 353/361: https://www.idee.es/csw-inspire-idee/srv/spa/catalog.search#/metadata/b88f54f0-7 ===

=== Seed 354/361: https://www.idee.es/csw-inspire-idee/srv/spa/catalog.search#/metadata/cc381566-d ===
CRAWL depth=0 hops=0 site=www.idee.es url=https://www.idee.es/csw-inspire-idee/srv/spa/catalog.search#/metadata/a56004e5-66f8-42b1-91ea-1bc051

=== Seed 355/361: https://www.idee.es/csw-inspire-idee/srv/spa/catalog.search#/metadata/sit_hid_re ===
CRAWL depth=0 hops=0 site=www.idee.es url=https://www.idee.es/csw-inspire-idee/srv/spa/catalog.search#/metadata/e157ba4c-f08e-44e1-9dd5-0194d4

=== Seed 356/361: https://www.idee.es/csw-inspire-idee/srv/spa/catalog.search#/metadata/a5c208d2-c ===
CRAWL depth=0 hops=0 site=www.idee.es url=https://www.idee.es/csw-inspire-idee/srv/spa/catalog.search#/metadata/spaSITNAINFRAE_Pol_Imhoff.xml
CRAWL depth=0 hops=0 site=www.idee.es url=https://www.idee.es/csw-inspire-idee/srv/spa/catalog.search#/metadata/spaSITNAHIDROG_Pol_Canal.xml

=== Seed 357/361: https://www.idee.es/csw-inspire-idee/srv/spa/catalog.search#/metadata/spaSITNACA ===

=== Seed 358/361: https://www.idee.es/csw-inspire-idee/srv/spa/catalog.search#/metadata/spaSITNAHI ===
CRAWL depth=0 hops=0 site=www.idee.es url=https://www.idee.es/csw-inspire-idee/srv/spa/catalog.search#/metadata/spaSITNAINFRAE_Pol_Depuradora.
CRAWL depth=0 hops=0 site=www.idee.es url=https://www.idee.es/csw-inspire-idee/srv/spa/catalog.search#/metadata/spaSITNAHIDROG_Lin_CorrienteAr

=== Seed 359/361: https://www.idee.es/csw-inspire-idee/srv/spa/catalog.search#/metadata/3ff94f78-b ===

=== Seed 360/361: https://www.idee.es/csw-inspire-idee/srv/spa/catalog.search#/metadata/1F13A042-E ===
CRAWL depth=0 hops=0 site=www.idee.es url=https://www.idee.es/csw-inspire-idee/srv/spa/catalog.search#/metadata/%7B91FF7A79-CEB3-45A7-9686-C99

=== Seed 361/361: https://www.idee.es/csw-inspire-idee/srv/spa/catalog.search#/metadata/f615f22a-7 ===
CRAWL depth=0 hops=0 site=www.idee.es url=https://www.idee.es/csw-inspire-idee/srv/spa/catalog.search#/metadata/bf02855d-8351-445c-8cd6-e10369
CRAWL depth=0 hops=0 site=www.idee.es url=https://www.idee.es/csw-inspire-idee/srv/spa/catalog.search#/metadata/cc381566-d971-4dea-9938-84ad8c
CRAWL depth=0 hops=0 site=www.idee.es url=https://www.idee.es/csw-inspire-idee/srv/spa/catalog.search#/metadata/b88f54f0-7254-45d5-9bc4-95d66b
CRAWL depth=0 hops=0 site=www.idee.es url=https://www.idee.es/csw-inspire-idee/srv/spa/catalog.search#/metadata/sit_hid_red_riego_murcia_carm_
CRAWL depth=0 hops=0 site=www.idee.es url=https://www.idee.es/csw-inspire-idee/srv/spa/catalog.search#/metadata/a5c208d2-c050-481c-9320-7b63af
CRAWL depth=0 hops=0 site=www.idee.es url=https://www.idee.es/csw-inspire-idee/srv/spa/catalog.search#/metadata/spaSITNACARBTA_Pol_Hidrografia
CRAWL depth=0 hops=0 site=www.idee.es url=https://www.idee.es/csw-inspire-idee/srv/spa/catalog.search#/metadata/spaSITNAHIDROG_Pol_zfpOtrosGN.
CRAWL depth=0 hops=0 site=www.idee.es url=https://www.idee.es/csw-inspire-idee/srv/spa/catalog.search#/metadata/3ff94f78-b19c-42bb-848a-2881e2
CRAWL depth=0 hops=0 site=www.idee.es url=https://www.idee.es/csw-inspire-idee/srv/spa/catalog.search#/metadata/f615f22a-798d-4204-a130-8ba88a
CRAWL depth=0 hops=0 site=www.idee.es url=https://www.idee.es/csw-inspire-idee/srv/spa/catalog.search#/metadata/1F13A042-EEEE-475C-B85E-2F425B
=== DONE run_id=es_20260223 pages_crawled=362 ===
All done. print_stats signal pushed to MQ.
