[mq_writer/es] Redis reconnect attempt 1/20…
[mq_writer/es] Redis reconnected.
[mq_writer/es] queue=neo4j_writes_es neo4j=bolt://localhost:7687
[mq_writer/es] Constraints ensured. Waiting for messages (no timeout)…
[mq_writer/es] 50 pages written to Neo4j
[mq_writer/es] 100 pages written to Neo4j
[mq_writer/es] 150 pages written to Neo4j
[mq_writer/es] 200 pages written to Neo4j
[mq_writer/es] 250 pages written to Neo4j
[mq_writer/es] 300 pages written to Neo4j
[mq_writer/es] 350 pages written to Neo4j
[mq_writer/es] Crawl complete. 377 messages processed. Printing stats…

==================================================
SITE GRAPH STATISTICS — run: es_20260223
==================================================
Total sites (nodes):          64
Total site-to-site edges:     63
Total page-level links:       9521
Total pages crawled:          362

Sites by pages crawled:
  www.idee.es: 361 pages
  www.mitma.gob.es: 1 pages
  twitter.com: 0 pages
  inspire-geoportal.ec.europa.eu: 0 pages
  www.mapama.gob.es: 0 pages
  icearagon.aragon.es: 0 pages
  idecyl.jcyl.es: 0 pages
  catalogo.idecanarias.es: 0 pages
  ide.cat: 0 pages
  www.facebook.com: 0 pages

Strongest site-to-site connections:
  www.idee.es -> twitter.com: 1083 links
  www.idee.es -> www.facebook.com: 1083 links
  www.idee.es -> www.mapama.gob.es: 852 links
  www.idee.es -> www.geo.euskadi.eus: 739 links
  www.idee.es -> www.mitma.gob.es: 722 links
  www.idee.es -> idena.navarra.es: 507 links
  www.idee.es -> mapas-gis-inter.carm.es: 409 links
  www.idee.es -> icearagon.aragon.es: 365 links
  www.idee.es -> idecyl.jcyl.es: 361 links
  www.idee.es -> catalogo.idecanarias.es: 361 links

Most connected sites (by out-degree):
  www.idee.es: links to 63 other sites

Most referenced sites (by in-degree):
  twitter.com: referenced by 1 other sites
  www.facebook.com: referenced by 1 other sites
  inspire-geoportal.ec.europa.eu: referenced by 1 other sites
  www.mapama.gob.es: referenced by 1 other sites
  www.mitma.gob.es: referenced by 1 other sites
[mq_writer/es] Exited. Total processed: 377
