Logging to /home/valenyala/repos/tesis-prueba-concepto/tesis-playwrightCrawler/es/../log/sites-es-2026-02-23_run.log
Loading metadata links...
Found 361 metadata links

Crawling all 361 seeds... (run_id=sites-es-2026-02-23)
Write operations will be queued to Redis → neo4j_writes_es
=== START run_id=sites-es-2026-02-23 seeds=361 concurrency=10 max_depth=10 external_max_hops=2 ===

=== Seed 1/361: https://www.idee.es/csw-inspire-idee/srv/spa/catalog.search#/metadata/ES_SPESA_1 ===

=== Seed 2/361: https://www.idee.es/csw-inspire-idee/srv/spa/catalog.search#/metadata/{B0626A1A- ===

=== Seed 3/361: https://www.idee.es/csw-inspire-idee/srv/spa/catalog.search#/metadata/GLG_IET_BT ===

=== Seed 4/361: https://www.idee.es/csw-inspire-idee/srv/spa/catalog.search#/metadata/7f592701-a ===

=== Seed 5/361: https://www.idee.es/csw-inspire-idee/srv/spa/catalog.search#/metadata/0caeb014-8 ===

=== Seed 6/361: https://www.idee.es/csw-inspire-idee/srv/spa/catalog.search#/metadata/4248f2e8-4 ===

=== Seed 7/361: https://www.idee.es/csw-inspire-idee/srv/spa/catalog.search#/metadata/7ae2baac-8 ===

=== Seed 8/361: https://www.idee.es/csw-inspire-idee/srv/spa/catalog.search#/metadata/d1a50968-0 ===

=== Seed 9/361: https://www.idee.es/csw-inspire-idee/srv/spa/catalog.search#/metadata/0a789324-6 ===

=== Seed 10/361: https://www.idee.es/csw-inspire-idee/srv/spa/catalog.search#/metadata/f5842abc-e ===
CRAWL depth=0 hops=0 site=www.idee.es url=https://www.idee.es/csw-inspire-idee/srv/spa/catalog.search#/metadata/0caeb014-8a1e-4316-94d4-b712d6
CRAWL depth=0 hops=0 site=www.idee.es url=https://www.idee.es/csw-inspire-idee/srv/spa/catalog.search#/metadata/7ae2baac-8bc2-48b3-93c5-facccd
CRAWL depth=0 hops=0 site=www.idee.es url=https://www.idee.es/csw-inspire-idee/srv/spa/catalog.search#/metadata/0a789324-6ab0-46a7-bccb-cadd08
CRAWL depth=0 hops=0 site=www.idee.es url=https://www.idee.es/csw-inspire-idee/srv/spa/catalog.search#/metadata/GLG_IET_BTG500023029_20120330
CRAWL depth=0 hops=0 site=www.idee.es url=https://www.idee.es/csw-inspire-idee/srv/spa/catalog.search#/metadata/ES_SPESA_1125MSRIE_20111201
CRAWL depth=0 hops=0 site=www.idee.es url=https://www.idee.es/csw-inspire-idee/srv/spa/catalog.search#/metadata/f5842abc-e2c1-44f2-a6d0-353fb7
CRAWL depth=0 hops=0 site=www.idee.es url=https://www.idee.es/csw-inspire-idee/srv/spa/catalog.search#/metadata/7f592701-ab08-4fc8-8742-117668
CRAWL depth=0 hops=0 site=www.idee.es url=https://www.idee.es/csw-inspire-idee/srv/spa/catalog.search#/metadata/%7BB0626A1A-4607-401E-8E0F-1A3
CRAWL depth=0 hops=0 site=www.idee.es url=https://www.idee.es/csw-inspire-idee/srv/spa/catalog.search#/metadata/d1a50968-0a7c-47b4-8154-1e3443
CRAWL depth=0 hops=0 site=www.idee.es url=https://www.idee.es/csw-inspire-idee/srv/spa/catalog.search#/metadata/4248f2e8-4431-4f99-a5be-2adedc
CRAWL depth=1 hops=0 site=www.idee.es url=https://www.idee.es/csw-inspire-idee/srv/spa/catalog.search#/home
CRAWL depth=2 hops=1 site=www.mitma.gob.es url=https://www.mitma.gob.es/
CRAWL depth=1 hops=0 site=www.idee.es url=https://www.idee.es/csw-inspire-idee/srv/spa/catalog.search#/catalogue
CRAWL depth=1 hops=0 site=www.idee.es url=https://www.idee.es/csw-inspire-idee/srv/spa/catalog.search#/search
CRAWL depth=1 hops=0 site=www.idee.es url=https://www.idee.es/csw-inspire-idee/srv/spa/catalog.search#/map
CRAWL depth=1 hops=0 site=www.idee.es url=https://www.idee.es/csw-inspire-idee/srv/spa/catalog.search#/search?any=
CRAWL depth=1 hops=0 site=www.idee.es url=https://www.idee.es/csw-inspire-idee/srv/spa/catalog.search#/search?_cat=

=== Seed 11/361: https://www.idee.es/csw-inspire-idee/srv/spa/catalog.search#/metadata/12118966-5 ===

=== Seed 12/361: https://www.idee.es/csw-inspire-idee/srv/spa/catalog.search#/metadata/e097412c-1 ===

=== Seed 13/361: https://www.idee.es/csw-inspire-idee/srv/spa/catalog.search#/metadata/81443ed6-4 ===

=== Seed 14/361: https://www.idee.es/csw-inspire-idee/srv/spa/catalog.search#/metadata/7f53781d-c ===

=== Seed 15/361: https://www.idee.es/csw-inspire-idee/srv/spa/catalog.search#/metadata/c63e5a5d-9 ===

=== Seed 16/361: https://www.idee.es/csw-inspire-idee/srv/spa/catalog.search#/metadata/649d2737-5 ===

=== Seed 17/361: https://www.idee.es/csw-inspire-idee/srv/spa/catalog.search#/metadata/f7f91019-8 ===

=== Seed 18/361: https://www.idee.es/csw-inspire-idee/srv/spa/catalog.search#/metadata/a62d311f-5 ===

=== Seed 19/361: https://www.idee.es/csw-inspire-idee/srv/spa/catalog.search#/metadata/199ddce8-d ===

=== Seed 20/361: https://www.idee.es/csw-inspire-idee/srv/spa/catalog.search#/metadata/23e92aff-5 ===
CRAWL depth=0 hops=0 site=www.idee.es url=https://www.idee.es/csw-inspire-idee/srv/spa/catalog.search#/metadata/81443ed6-4a12-41f0-a46a-cbf6c2
CRAWL depth=0 hops=0 site=www.idee.es url=https://www.idee.es/csw-inspire-idee/srv/spa/catalog.search#/metadata/7f53781d-c8c7-4505-b317-1638bb
CRAWL depth=0 hops=0 site=www.idee.es url=https://www.idee.es/csw-inspire-idee/srv/spa/catalog.search#/metadata/12118966-57b2-4ff1-b2e4-fbb219
CRAWL depth=0 hops=0 site=www.idee.es url=https://www.idee.es/csw-inspire-idee/srv/spa/catalog.search#/metadata/e097412c-123f-4293-a24a-d1581f
CRAWL depth=0 hops=0 site=www.idee.es url=https://www.idee.es/csw-inspire-idee/srv/spa/catalog.search#/metadata/f7f91019-8b00-4d36-9679-d51a1c
CRAWL depth=0 hops=0 site=www.idee.es url=https://www.idee.es/csw-inspire-idee/srv/spa/catalog.search#/metadata/a62d311f-5f8c-446f-b607-015aea

=== Seed 21/361: https://www.idee.es/csw-inspire-idee/srv/spa/catalog.search#/metadata/c7e47f75-2 ===

=== Seed 22/361: https://www.idee.es/csw-inspire-idee/srv/spa/catalog.search#/metadata/c10602d5-c ===
CRAWL depth=0 hops=0 site=www.idee.es url=https://www.idee.es/csw-inspire-idee/srv/spa/catalog.search#/metadata/649d2737-5c83-4e31-af10-9336f3

=== Seed 23/361: https://www.idee.es/csw-inspire-idee/srv/spa/catalog.search#/metadata/2e387f9f-b ===
CRAWL depth=0 hops=0 site=www.idee.es url=https://www.idee.es/csw-inspire-idee/srv/spa/catalog.search#/metadata/199ddce8-d246-47d4-8ad9-7ba869
CRAWL depth=0 hops=0 site=www.idee.es url=https://www.idee.es/csw-inspire-idee/srv/spa/catalog.search#/metadata/c63e5a5d-9b1f-4a90-894f-005ec5

=== Seed 24/361: https://www.idee.es/csw-inspire-idee/srv/spa/catalog.search#/metadata/5f211212-e ===

=== Seed 25/361: https://www.idee.es/csw-inspire-idee/srv/spa/catalog.search#/metadata/7afd2af2-3 ===

=== Seed 26/361: https://www.idee.es/csw-inspire-idee/srv/spa/catalog.search#/metadata/4d1858d1-f ===

=== Seed 27/361: https://www.idee.es/csw-inspire-idee/srv/spa/catalog.search#/metadata/9c7b1266-c ===

=== Seed 28/361: https://www.idee.es/csw-inspire-idee/srv/spa/catalog.search#/metadata/db48f197-a ===

=== Seed 29/361: https://www.idee.es/csw-inspire-idee/srv/spa/catalog.search#/metadata/1c6dff36-6 ===
CRAWL depth=0 hops=0 site=www.idee.es url=https://www.idee.es/csw-inspire-idee/srv/spa/catalog.search#/metadata/7afd2af2-384f-4ffd-839d-f527a9
CRAWL depth=0 hops=0 site=www.idee.es url=https://www.idee.es/csw-inspire-idee/srv/spa/catalog.search#/metadata/db48f197-a17f-4f86-9e66-447da0
CRAWL depth=0 hops=0 site=www.idee.es url=https://www.idee.es/csw-inspire-idee/srv/spa/catalog.search#/metadata/23e92aff-59ac-49bc-ac2f-5ef238

=== Seed 30/361: https://www.idee.es/csw-inspire-idee/srv/spa/catalog.search#/metadata/da538917-e ===

=== Seed 31/361: https://www.idee.es/csw-inspire-idee/srv/spa/catalog.search#/metadata/94cfee4b-8 ===

=== Seed 32/361: https://www.idee.es/csw-inspire-idee/srv/spa/catalog.search#/metadata/aad12722-6 ===
CRAWL depth=0 hops=0 site=www.idee.es url=https://www.idee.es/csw-inspire-idee/srv/spa/catalog.search#/metadata/c7e47f75-2bf8-4073-9a8e-90c0af
CRAWL depth=0 hops=0 site=www.idee.es url=https://www.idee.es/csw-inspire-idee/srv/spa/catalog.search#/metadata/5f211212-ee36-4d49-acab-29f74b

=== Seed 33/361: https://www.idee.es/csw-inspire-idee/srv/spa/catalog.search#/metadata/479bf81b-a ===
CRAWL depth=0 hops=0 site=www.idee.es url=https://www.idee.es/csw-inspire-idee/srv/spa/catalog.search#/metadata/2e387f9f-b3b1-4ac1-926c-578c91
CRAWL depth=0 hops=0 site=www.idee.es url=https://www.idee.es/csw-inspire-idee/srv/spa/catalog.search#/metadata/4d1858d1-f56f-4b9f-91af-8463b7

=== Seed 34/361: https://www.idee.es/csw-inspire-idee/srv/spa/catalog.search#/metadata/b22aa451-b ===

=== Seed 35/361: https://www.idee.es/csw-inspire-idee/srv/spa/catalog.search#/metadata/89a66971-5 ===

=== Seed 36/361: https://www.idee.es/csw-inspire-idee/srv/spa/catalog.search#/metadata/53b65087-7 ===
CRAWL depth=0 hops=0 site=www.idee.es url=https://www.idee.es/csw-inspire-idee/srv/spa/catalog.search#/metadata/9c7b1266-c7be-429b-a649-b4dc96
CRAWL depth=0 hops=0 site=www.idee.es url=https://www.idee.es/csw-inspire-idee/srv/spa/catalog.search#/metadata/c10602d5-c444-47d7-bf25-d57176

=== Seed 37/361: https://www.idee.es/csw-inspire-idee/srv/spa/catalog.search#/metadata/6f8137a6-8 ===

=== Seed 38/361: https://www.idee.es/csw-inspire-idee/srv/spa/catalog.search#/metadata/9d020277-5 ===
CRAWL depth=0 hops=0 site=www.idee.es url=https://www.idee.es/csw-inspire-idee/srv/spa/catalog.search#/metadata/1c6dff36-6933-4cb4-b8fb-049657

=== Seed 39/361: https://www.idee.es/csw-inspire-idee/srv/spa/catalog.search#/metadata/31e3bdc3-8 ===
CRAWL depth=0 hops=0 site=www.idee.es url=https://www.idee.es/csw-inspire-idee/srv/spa/catalog.search#/metadata/89a66971-517d-4882-8b4a-cd044c
CRAWL depth=0 hops=0 site=www.idee.es url=https://www.idee.es/csw-inspire-idee/srv/spa/catalog.search#/metadata/53b65087-717c-4296-8d80-c05253
CRAWL depth=0 hops=0 site=www.idee.es url=https://www.idee.es/csw-inspire-idee/srv/spa/catalog.search#/metadata/aad12722-6967-4302-a53c-772e95
CRAWL depth=0 hops=0 site=www.idee.es url=https://www.idee.es/csw-inspire-idee/srv/spa/catalog.search#/metadata/da538917-eafa-45a1-b67c-3ffab8
CRAWL depth=0 hops=0 site=www.idee.es url=https://www.idee.es/csw-inspire-idee/srv/spa/catalog.search#/metadata/6f8137a6-85e4-4506-af67-91e8f7
CRAWL depth=0 hops=0 site=www.idee.es url=https://www.idee.es/csw-inspire-idee/srv/spa/catalog.search#/metadata/9d020277-508e-4a2b-91ec-395d49

=== Seed 40/361: https://www.idee.es/csw-inspire-idee/srv/spa/catalog.search#/metadata/19b37dfa-3 ===
CRAWL depth=0 hops=0 site=www.idee.es url=https://www.idee.es/csw-inspire-idee/srv/spa/catalog.search#/metadata/94cfee4b-82bf-451e-a622-9145e6

=== Seed 41/361: https://www.idee.es/csw-inspire-idee/srv/spa/catalog.search#/metadata/md_ideeu_i ===

=== Seed 42/361: https://www.idee.es/csw-inspire-idee/srv/spa/catalog.search#/metadata/b28939be-7 ===

=== Seed 43/361: https://www.idee.es/csw-inspire-idee/srv/spa/catalog.search#/metadata/md_ideeu_h ===

=== Seed 44/361: https://www.idee.es/csw-inspire-idee/srv/spa/catalog.search#/metadata/md_ideeu_e ===

=== Seed 45/361: https://www.idee.es/csw-inspire-idee/srv/spa/catalog.search#/metadata/md_ideeu_h ===

=== Seed 46/361: https://www.idee.es/csw-inspire-idee/srv/spa/catalog.search#/metadata/md_ideeu_m ===
CRAWL depth=0 hops=0 site=www.idee.es url=https://www.idee.es/csw-inspire-idee/srv/spa/catalog.search#/metadata/479bf81b-a9db-4ec2-b35f-14ed33
CRAWL depth=0 hops=0 site=www.idee.es url=https://www.idee.es/csw-inspire-idee/srv/spa/catalog.search#/metadata/b22aa451-bed2-4150-bb44-d7bacb

=== Seed 47/361: https://www.idee.es/csw-inspire-idee/srv/spa/catalog.search#/metadata/md_ideeu_e ===

=== Seed 48/361: https://www.idee.es/csw-inspire-idee/srv/spa/catalog.search#/metadata/md_ideeu_p ===
CRAWL depth=0 hops=0 site=www.idee.es url=https://www.idee.es/csw-inspire-idee/srv/spa/catalog.search#/metadata/b28939be-714c-436a-8085-fea87c
CRAWL depth=0 hops=0 site=www.idee.es url=https://www.idee.es/csw-inspire-idee/srv/spa/catalog.search#/metadata/md_ideeu_estado_m_agua_es
CRAWL depth=0 hops=0 site=www.idee.es url=https://www.idee.es/csw-inspire-idee/srv/spa/catalog.search#/metadata/md_ideeu_hid_ag_superficiales_
CRAWL depth=0 hops=0 site=www.idee.es url=https://www.idee.es/csw-inspire-idee/srv/spa/catalog.search#/metadata/31e3bdc3-8d82-46fb-910a-d7360f

=== Seed 49/361: https://www.idee.es/csw-inspire-idee/srv/spa/catalog.search#/metadata/md_ideeu_o ===
CRAWL depth=0 hops=0 site=www.idee.es url=https://www.idee.es/csw-inspire-idee/srv/spa/catalog.search#/metadata/md_ideeu_mejillon_cebra_es

=== Seed 50/361: https://www.idee.es/csw-inspire-idee/srv/spa/catalog.search#/metadata/md_ideeu_o ===

=== Seed 51/361: https://www.idee.es/csw-inspire-idee/srv/spa/catalog.search#/metadata/md_ideeu_o ===

=== Seed 52/361: https://www.idee.es/csw-inspire-idee/srv/spa/catalog.search#/metadata/md_ideeu_r ===

=== Seed 53/361: https://www.idee.es/csw-inspire-idee/srv/spa/catalog.search#/metadata/63f5eaf6-5 ===
CRAWL depth=0 hops=0 site=www.idee.es url=https://www.idee.es/csw-inspire-idee/srv/spa/catalog.search#/metadata/md_ideeu_est_ctrl_hidrometeo_e
CRAWL depth=0 hops=0 site=www.idee.es url=https://www.idee.es/csw-inspire-idee/srv/spa/catalog.search#/metadata/md_ideeu_pts_rios_arroyos_es

=== Seed 54/361: https://www.idee.es/csw-inspire-idee/srv/spa/catalog.search#/metadata/md_ideeu_c ===

=== Seed 55/361: https://www.idee.es/csw-inspire-idee/srv/spa/catalog.search#/metadata/md_ideeu_c ===
CRAWL depth=0 hops=0 site=www.idee.es url=https://www.idee.es/csw-inspire-idee/srv/spa/catalog.search#/metadata/19b37dfa-3199-4d74-9941-11b14f

=== Seed 56/361: https://www.idee.es/csw-inspire-idee/srv/spa/catalog.search#/metadata/md_ideeu_e ===
CRAWL depth=0 hops=0 site=www.idee.es url=https://www.idee.es/csw-inspire-idee/srv/spa/catalog.search#/metadata/md_ideeu_inund_pluv_camb_clim_
CRAWL depth=0 hops=0 site=www.idee.es url=https://www.idee.es/csw-inspire-idee/srv/spa/catalog.search#/metadata/md_ideeu_hid_ag_subterraneas_e

=== Seed 57/361: https://www.idee.es/csw-inspire-idee/srv/spa/catalog.search#/metadata/md_ideeu_z ===

=== Seed 58/361: https://www.idee.es/csw-inspire-idee/srv/spa/catalog.search#/metadata/md_ideeu_z ===
CRAWL depth=0 hops=0 site=www.idee.es url=https://www.idee.es/csw-inspire-idee/srv/spa/catalog.search#/metadata/md_ideeu_otraszonas_pe_es
CRAWL depth=0 hops=0 site=www.idee.es url=https://www.idee.es/csw-inspire-idee/srv/spa/catalog.search#/metadata/63f5eaf6-5e62-476a-b7b7-068c1f

=== Seed 59/361: https://www.idee.es/csw-inspire-idee/srv/spa/catalog.search#/metadata/md_ideeu_z ===

=== Seed 60/361: https://www.idee.es/csw-inspire-idee/srv/spa/catalog.search#/metadata/md_ideeu_c ===
CRAWL depth=0 hops=0 site=www.idee.es url=https://www.idee.es/csw-inspire-idee/srv/spa/catalog.search#/metadata/md_ideeu_est_ctrl_estado_es

=== Seed 61/361: https://www.idee.es/csw-inspire-idee/srv/spa/catalog.search#/metadata/md_ideeu_z ===
CRAWL depth=0 hops=0 site=www.idee.es url=https://www.idee.es/csw-inspire-idee/srv/spa/catalog.search#/metadata/md_ideeu_obj_medambient_es
CRAWL depth=0 hops=0 site=www.idee.es url=https://www.idee.es/csw-inspire-idee/srv/spa/catalog.search#/metadata/md_ideeu_obrashidraulicas_es

=== Seed 62/361: https://www.idee.es/csw-inspire-idee/srv/spa/catalog.search#/metadata/md_ideeu_c ===

=== Seed 63/361: https://www.idee.es/csw-inspire-idee/srv/spa/catalog.search#/metadata/md_ideeu_z ===
CRAWL depth=0 hops=0 site=www.idee.es url=https://www.idee.es/csw-inspire-idee/srv/spa/catalog.search#/metadata/md_ideeu_regletas_nivel_es

=== Seed 64/361: https://www.idee.es/csw-inspire-idee/srv/spa/catalog.search#/metadata/md_ideeu_z ===
CRAWL depth=0 hops=0 site=www.idee.es url=https://www.idee.es/csw-inspire-idee/srv/spa/catalog.search#/metadata/md_ideeu_caudal_eco_es

=== Seed 65/361: https://www.idee.es/csw-inspire-idee/srv/spa/catalog.search#/metadata/md_ideeu_c ===
CRAWL depth=0 hops=0 site=www.idee.es url=https://www.idee.es/csw-inspire-idee/srv/spa/catalog.search#/metadata/md_ideeu_captzonasensi_es

=== Seed 66/361: https://www.idee.es/csw-inspire-idee/srv/spa/catalog.search#/metadata/9b6c65be-6 ===
CRAWL depth=0 hops=0 site=www.idee.es url=https://www.idee.es/csw-inspire-idee/srv/spa/catalog.search#/metadata/md_ideeu_zpolicia_arpsi_es
CRAWL depth=0 hops=0 site=www.idee.es url=https://www.idee.es/csw-inspire-idee/srv/spa/catalog.search#/metadata/md_ideeu_zonas_marisqueo_es
CRAWL depth=0 hops=0 site=www.idee.es url=https://www.idee.es/csw-inspire-idee/srv/spa/catalog.search#/metadata/md_ideeu_zp_habitat_espec_es

=== Seed 67/361: https://www.idee.es/csw-inspire-idee/srv/spa/catalog.search#/metadata/5c1c39eb-4 ===

=== Seed 68/361: https://www.idee.es/csw-inspire-idee/srv/spa/catalog.search#/metadata/md_ideeu_a ===

=== Seed 69/361: https://www.idee.es/csw-inspire-idee/srv/spa/catalog.search#/metadata/md_ideeu_a ===
CRAWL depth=0 hops=0 site=www.idee.es url=https://www.idee.es/csw-inspire-idee/srv/spa/catalog.search#/metadata/md_ideeu_captacion_abast_es

=== Seed 70/361: https://www.idee.es/csw-inspire-idee/srv/spa/catalog.search#/metadata/md_ideeu_z ===
CRAWL depth=0 hops=0 site=www.idee.es url=https://www.idee.es/csw-inspire-idee/srv/spa/catalog.search#/metadata/md_ideeu_zpe_acuaticas_es

=== Seed 71/361: https://www.idee.es/csw-inspire-idee/srv/spa/catalog.search#/metadata/md_ideeu_c ===
CRAWL depth=0 hops=0 site=www.idee.es url=https://www.idee.es/csw-inspire-idee/srv/spa/catalog.search#/metadata/md_ideeu_cuencas_inter_es

=== Seed 72/361: https://www.idee.es/csw-inspire-idee/srv/spa/catalog.search#/metadata/md_ideeu_p ===
CRAWL depth=0 hops=0 site=www.idee.es url=https://www.idee.es/csw-inspire-idee/srv/spa/catalog.search#/metadata/md_ideeu_zonabano_es

=== Seed 73/361: https://www.idee.es/csw-inspire-idee/srv/spa/catalog.search#/metadata/a730254e-b ===
CRAWL depth=0 hops=0 site=www.idee.es url=https://www.idee.es/csw-inspire-idee/srv/spa/catalog.search#/metadata/md_ideeu_zonasensible_es

=== Seed 74/361: https://www.idee.es/csw-inspire-idee/srv/spa/catalog.search#/metadata/md_ideeu_p ===
CRAWL depth=0 hops=0 site=www.idee.es url=https://www.idee.es/csw-inspire-idee/srv/spa/catalog.search#/metadata/md_ideeu_aglomeraciones_es
CRAWL depth=0 hops=0 site=www.idee.es url=https://www.idee.es/csw-inspire-idee/srv/spa/catalog.search#/metadata/9b6c65be-689f-4f07-806f-bc0f15

=== Seed 75/361: https://www.idee.es/csw-inspire-idee/srv/spa/catalog.search#/metadata/md_ideeu_r ===
CRAWL depth=0 hops=0 site=www.idee.es url=https://www.idee.es/csw-inspire-idee/srv/spa/catalog.search#/metadata/5c1c39eb-4928-428f-b056-d82154

=== Seed 76/361: https://www.idee.es/csw-inspire-idee/srv/spa/catalog.search#/metadata/md_ideeu_r ===
CRAWL depth=0 hops=0 site=www.idee.es url=https://www.idee.es/csw-inspire-idee/srv/spa/catalog.search#/metadata/md_ideeu_amb_com_demarcacion_e

=== Seed 77/361: https://www.idee.es/csw-inspire-idee/srv/spa/catalog.search#/metadata/md_ideeu_v ===

=== Seed 78/361: https://www.idee.es/csw-inspire-idee/srv/spa/catalog.search#/metadata/md_ideeu_z ===
CRAWL depth=0 hops=0 site=www.idee.es url=https://www.idee.es/csw-inspire-idee/srv/spa/catalog.search#/metadata/md_ideeu_captacion_futura_es

=== Seed 79/361: https://www.idee.es/csw-inspire-idee/srv/spa/catalog.search#/metadata/md_ideeu_r ===
CRAWL depth=0 hops=0 site=www.idee.es url=https://www.idee.es/csw-inspire-idee/srv/spa/catalog.search#/metadata/a730254e-b0b3-43f2-a8b1-81332b
CRAWL depth=0 hops=0 site=www.idee.es url=https://www.idee.es/csw-inspire-idee/srv/spa/catalog.search#/metadata/md_ideeu_zvulne_nitrato_es

=== Seed 80/361: https://www.idee.es/csw-inspire-idee/srv/spa/catalog.search#/metadata/6ffa2b4e-4 ===

=== Seed 81/361: https://www.idee.es/csw-inspire-idee/srv/spa/catalog.search#/metadata/63d55b00-6 ===
CRAWL depth=0 hops=0 site=www.idee.es url=https://www.idee.es/csw-inspire-idee/srv/spa/catalog.search#/metadata/md_ideeu_calados_es
CRAWL depth=0 hops=0 site=www.idee.es url=https://www.idee.es/csw-inspire-idee/srv/spa/catalog.search#/metadata/md_ideeu_playas_bano_es

=== Seed 82/361: https://www.idee.es/csw-inspire-idee/srv/spa/catalog.search#/metadata/9f7e3a32-a ===

=== Seed 83/361: https://www.idee.es/csw-inspire-idee/srv/spa/catalog.search#/metadata/8136e7a5-1 ===
CRAWL depth=0 hops=0 site=www.idee.es url=https://www.idee.es/csw-inspire-idee/srv/spa/catalog.search#/metadata/md_ideeu_pp_agmineral_term_es

=== Seed 84/361: https://www.idee.es/csw-inspire-idee/srv/spa/catalog.search#/metadata/638563ca-8 ===
CRAWL depth=0 hops=0 site=www.idee.es url=https://www.idee.es/csw-inspire-idee/srv/spa/catalog.search#/metadata/md_ideeu_regist_zhumedas_es
CRAWL depth=0 hops=0 site=www.idee.es url=https://www.idee.es/csw-inspire-idee/srv/spa/catalog.search#/metadata/md_ideeu_rutas_ura_es

=== Seed 85/361: https://www.idee.es/csw-inspire-idee/srv/spa/catalog.search#/metadata/6cb1412c-f ===

=== Seed 86/361: https://www.idee.es/csw-inspire-idee/srv/spa/catalog.search#/metadata/db2af09b-2 ===
CRAWL depth=0 hops=0 site=www.idee.es url=https://www.idee.es/csw-inspire-idee/srv/spa/catalog.search#/metadata/md_ideeu_vulnerab_acuiferos_es
CRAWL depth=0 hops=0 site=www.idee.es url=https://www.idee.es/csw-inspire-idee/srv/spa/catalog.search#/metadata/md_ideeu_zflujo_preferente_es

=== Seed 87/361: https://www.idee.es/csw-inspire-idee/srv/spa/catalog.search#/metadata/7a17d8fa-9 ===
CRAWL depth=0 hops=0 site=www.idee.es url=https://www.idee.es/csw-inspire-idee/srv/spa/catalog.search#/metadata/md_ideeu_reserva_fluvial_es

=== Seed 88/361: https://www.idee.es/csw-inspire-idee/srv/spa/catalog.search#/metadata/4440c631-1 ===

=== Seed 89/361: https://www.idee.es/csw-inspire-idee/srv/spa/catalog.search#/metadata/7c28e41e-1 ===
CRAWL depth=0 hops=0 site=www.idee.es url=https://www.idee.es/csw-inspire-idee/srv/spa/catalog.search#/metadata/6ffa2b4e-488e-4424-acaa-24bdd1

=== Seed 90/361: https://www.idee.es/csw-inspire-idee/srv/spa/catalog.search#/metadata/f831dcbf-7 ===
CRAWL depth=0 hops=0 site=www.idee.es url=https://www.idee.es/csw-inspire-idee/srv/spa/catalog.search#/metadata/63d55b00-6453-438f-b452-7ae585

=== Seed 91/361: https://www.idee.es/csw-inspire-idee/srv/spa/catalog.search#/metadata/71da4d15-6 ===
CRAWL depth=0 hops=0 site=www.idee.es url=https://www.idee.es/csw-inspire-idee/srv/spa/catalog.search#/metadata/8136e7a5-1a44-4bd5-9e11-1fd3de

=== Seed 92/361: https://www.idee.es/csw-inspire-idee/srv/spa/catalog.search#/metadata/4381dd1d-8 ===
CRAWL depth=0 hops=0 site=www.idee.es url=https://www.idee.es/csw-inspire-idee/srv/spa/catalog.search#/metadata/9f7e3a32-ad82-4a25-a3b2-c02160

=== Seed 93/361: https://www.idee.es/csw-inspire-idee/srv/spa/catalog.search#/metadata/c11fc583-3 ===
CRAWL depth=0 hops=0 site=www.idee.es url=https://www.idee.es/csw-inspire-idee/srv/spa/catalog.search#/metadata/4440c631-18a1-4d40-a373-dd84d3
CRAWL depth=0 hops=0 site=www.idee.es url=https://www.idee.es/csw-inspire-idee/srv/spa/catalog.search#/metadata/7c28e41e-123e-48d8-afaa-715c25

=== Seed 94/361: https://www.idee.es/csw-inspire-idee/srv/spa/catalog.search#/metadata/e688338e-b ===

=== Seed 95/361: https://www.idee.es/csw-inspire-idee/srv/spa/catalog.search#/metadata/4e6e1a3f-5 ===
CRAWL depth=0 hops=0 site=www.idee.es url=https://www.idee.es/csw-inspire-idee/srv/spa/catalog.search#/metadata/638563ca-8287-4e04-96c1-0afbfa
CRAWL depth=0 hops=0 site=www.idee.es url=https://www.idee.es/csw-inspire-idee/srv/spa/catalog.search#/metadata/db2af09b-20bc-44f7-b432-649318

=== Seed 96/361: https://www.idee.es/csw-inspire-idee/srv/spa/catalog.search#/metadata/a5dcd630-e ===

=== Seed 97/361: https://www.idee.es/csw-inspire-idee/srv/spa/catalog.search#/metadata/e57a8036-d ===
CRAWL depth=0 hops=0 site=www.idee.es url=https://www.idee.es/csw-inspire-idee/srv/spa/catalog.search#/metadata/6cb1412c-f22e-4c31-b8fc-8df9d6
CRAWL depth=0 hops=0 site=www.idee.es url=https://www.idee.es/csw-inspire-idee/srv/spa/catalog.search#/metadata/f831dcbf-791b-48e0-bb9a-c115f1
CRAWL depth=0 hops=0 site=www.idee.es url=https://www.idee.es/csw-inspire-idee/srv/spa/catalog.search#/metadata/7a17d8fa-9290-4943-a337-aa6b8b

=== Seed 98/361: https://www.idee.es/csw-inspire-idee/srv/spa/catalog.search#/metadata/745ce9db-2 ===

=== Seed 99/361: https://www.idee.es/csw-inspire-idee/srv/spa/catalog.search#/metadata/c80fe0dc-6 ===

=== Seed 100/361: https://www.idee.es/csw-inspire-idee/srv/spa/catalog.search#/metadata/53cedc06-0 ===
CRAWL depth=0 hops=0 site=www.idee.es url=https://www.idee.es/csw-inspire-idee/srv/spa/catalog.search#/metadata/c11fc583-3eb9-4c08-aa47-a06879

=== Seed 101/361: https://www.idee.es/csw-inspire-idee/srv/spa/catalog.search#/metadata/a92e71e6-3 ===
CRAWL depth=0 hops=0 site=www.idee.es url=https://www.idee.es/csw-inspire-idee/srv/spa/catalog.search#/metadata/71da4d15-6fb0-497f-80ed-63c3f8

=== Seed 102/361: https://www.idee.es/csw-inspire-idee/srv/spa/catalog.search#/metadata/038d48f4-7 ===
CRAWL depth=0 hops=0 site=www.idee.es url=https://www.idee.es/csw-inspire-idee/srv/spa/catalog.search#/metadata/4381dd1d-8e4c-49e8-a602-9cfb6f

=== Seed 103/361: https://www.idee.es/csw-inspire-idee/srv/spa/catalog.search#/metadata/eef9dec9-3 ===
CRAWL depth=0 hops=0 site=www.idee.es url=https://www.idee.es/csw-inspire-idee/srv/spa/catalog.search#/metadata/4e6e1a3f-552a-4474-8b06-dafb11
CRAWL depth=0 hops=0 site=www.idee.es url=https://www.idee.es/csw-inspire-idee/srv/spa/catalog.search#/metadata/e688338e-bb0c-4b71-9635-ff5f45

=== Seed 104/361: https://www.idee.es/csw-inspire-idee/srv/spa/catalog.search#/metadata/f736437d-f ===

=== Seed 105/361: https://www.idee.es/csw-inspire-idee/srv/spa/catalog.search#/metadata/f24e9cd7-a ===
CRAWL depth=0 hops=0 site=www.idee.es url=https://www.idee.es/csw-inspire-idee/srv/spa/catalog.search#/metadata/a5dcd630-e649-4c82-9934-b83846
CRAWL depth=0 hops=0 site=www.idee.es url=https://www.idee.es/csw-inspire-idee/srv/spa/catalog.search#/metadata/e57a8036-dc20-4598-adbc-a5a294

=== Seed 106/361: https://www.idee.es/csw-inspire-idee/srv/spa/catalog.search#/metadata/MD_PRODUCT ===

=== Seed 107/361: https://www.idee.es/csw-inspire-idee/srv/spa/catalog.search#/metadata/MD_PRODUCT ===
CRAWL depth=0 hops=0 site=www.idee.es url=https://www.idee.es/csw-inspire-idee/srv/spa/catalog.search#/metadata/53cedc06-0e0e-4858-8657-bfe949

=== Seed 108/361: https://www.idee.es/csw-inspire-idee/srv/spa/catalog.search#/metadata/Cartografi ===
CRAWL depth=0 hops=0 site=www.idee.es url=https://www.idee.es/csw-inspire-idee/srv/spa/catalog.search#/metadata/745ce9db-2086-4a53-8cb6-182817
CRAWL depth=0 hops=0 site=www.idee.es url=https://www.idee.es/csw-inspire-idee/srv/spa/catalog.search#/metadata/c80fe0dc-6ce1-47f5-9c88-5f9088

=== Seed 109/361: https://www.idee.es/csw-inspire-idee/srv/spa/catalog.search#/metadata/MD_PRODUCT ===
CRAWL depth=0 hops=0 site=www.idee.es url=https://www.idee.es/csw-inspire-idee/srv/spa/catalog.search#/metadata/a92e71e6-39a4-442d-80c8-3f5f7f

=== Seed 110/361: https://www.idee.es/csw-inspire-idee/srv/spa/catalog.search#/metadata/MD_PRODUCT ===

=== Seed 111/361: https://www.idee.es/csw-inspire-idee/srv/spa/catalog.search#/metadata/406333f3-4 ===
CRAWL depth=0 hops=0 site=www.idee.es url=https://www.idee.es/csw-inspire-idee/srv/spa/catalog.search#/metadata/f24e9cd7-a39b-412e-b534-fc62de
CRAWL depth=0 hops=0 site=www.idee.es url=https://www.idee.es/csw-inspire-idee/srv/spa/catalog.search#/metadata/f736437d-fc13-47d3-ac0e-c3ac1c

=== Seed 112/361: https://www.idee.es/csw-inspire-idee/srv/spa/catalog.search#/metadata/{91FF7A79- ===

=== Seed 113/361: https://www.idee.es/csw-inspire-idee/srv/spa/catalog.search#/metadata/c7409925-5 ===
CRAWL depth=0 hops=0 site=www.idee.es url=https://www.idee.es/csw-inspire-idee/srv/spa/catalog.search#/metadata/038d48f4-75e9-4d6a-ab7c-33bde3

=== Seed 114/361: https://www.idee.es/csw-inspire-idee/srv/spa/catalog.search#/metadata/1b72ed53-7 ===
CRAWL depth=0 hops=0 site=www.idee.es url=https://www.idee.es/csw-inspire-idee/srv/spa/catalog.search#/metadata/eef9dec9-3d0b-4e2a-8c9d-6ffb16
CRAWL depth=0 hops=0 site=www.idee.es url=https://www.idee.es/csw-inspire-idee/srv/spa/catalog.search#/metadata/MD_PRODUCTO_VUELO_IGN_81_84_IG

=== Seed 115/361: https://www.idee.es/csw-inspire-idee/srv/spa/catalog.search#/metadata/4ae29ebc-c ===

=== Seed 116/361: https://www.idee.es/csw-inspire-idee/srv/spa/catalog.search#/metadata/2d622489-9 ===
CRAWL depth=0 hops=0 site=www.idee.es url=https://www.idee.es/csw-inspire-idee/srv/spa/catalog.search#/metadata/MD_PRODUCTO_VUELO_CHE_EBRO_80_

=== Seed 117/361: https://www.idee.es/csw-inspire-idee/srv/spa/catalog.search#/metadata/8a74b2fe-a ===
CRAWL depth=0 hops=0 site=www.idee.es url=https://www.idee.es/csw-inspire-idee/srv/spa/catalog.search#/metadata/MD_PRODUCTO_VUELO_CATASTRO_ZAR
CRAWL depth=0 hops=0 site=www.idee.es url=https://www.idee.es/csw-inspire-idee/srv/spa/catalog.search#/metadata/Cartografia_BTA_5000_CDE

=== Seed 118/361: https://www.idee.es/csw-inspire-idee/srv/spa/catalog.search#/metadata/{086DEA60- ===

=== Seed 119/361: https://www.idee.es/csw-inspire-idee/srv/spa/catalog.search#/metadata/{B0626A1A- ===
CRAWL depth=0 hops=0 site=www.idee.es url=https://www.idee.es/csw-inspire-idee/srv/spa/catalog.search#/metadata/MD_PRODUCTO_VUELO_INUNDACION%2

=== Seed 120/361: https://www.idee.es/csw-inspire-idee/srv/spa/catalog.search#/metadata/22c0fb64-9 ===
CRAWL depth=0 hops=0 site=www.idee.es url=https://www.idee.es/csw-inspire-idee/srv/spa/catalog.search#/metadata/%7B91FF7A79-CEB3-45A7-9686-C99
CRAWL depth=0 hops=0 site=www.idee.es url=https://www.idee.es/csw-inspire-idee/srv/spa/catalog.search#/metadata/406333f3-45a3-445e-9d2b-828c1d
CRAWL depth=0 hops=0 site=www.idee.es url=https://www.idee.es/csw-inspire-idee/srv/spa/catalog.search#/metadata/c7409925-57a9-46c2-829b-b09be6

=== Seed 121/361: https://www.idee.es/csw-inspire-idee/srv/spa/catalog.search#/metadata/md_ideeu_h ===

=== Seed 122/361: https://www.idee.es/csw-inspire-idee/srv/spa/catalog.search#/metadata/ad5b3ed6-7 ===

=== Seed 123/361: https://www.idee.es/csw-inspire-idee/srv/spa/catalog.search#/metadata/{086DEA60- ===
CRAWL depth=0 hops=0 site=www.idee.es url=https://www.idee.es/csw-inspire-idee/srv/spa/catalog.search#/metadata/1b72ed53-78f6-42fc-b5a3-351418
CRAWL depth=0 hops=0 site=www.idee.es url=https://www.idee.es/csw-inspire-idee/srv/spa/catalog.search#/metadata/4ae29ebc-c584-4ef4-8d09-1b1f66

=== Seed 124/361: https://www.idee.es/csw-inspire-idee/srv/spa/catalog.search#/metadata/md_ideeu_r ===

=== Seed 125/361: https://www.idee.es/csw-inspire-idee/srv/spa/catalog.search#/metadata/69473be2-3 ===
CRAWL depth=0 hops=0 site=www.idee.es url=https://www.idee.es/csw-inspire-idee/srv/spa/catalog.search#/metadata/2d622489-9434-4b90-9074-314ea6

=== Seed 126/361: https://www.idee.es/csw-inspire-idee/srv/spa/catalog.search#/metadata/d1c0b6d2-a ===
CRAWL depth=0 hops=0 site=www.idee.es url=https://www.idee.es/csw-inspire-idee/srv/spa/catalog.search#/metadata/8a74b2fe-a9e2-4dce-8ba3-ba2aa1

=== Seed 127/361: https://www.idee.es/csw-inspire-idee/srv/spa/catalog.search#/metadata/1ac117ce-3 ===
CRAWL depth=0 hops=0 site=www.idee.es url=https://www.idee.es/csw-inspire-idee/srv/spa/catalog.search#/metadata/%7B086DEA60-3BF1-4DC6-8ACA-8D5
CRAWL depth=0 hops=0 site=www.idee.es url=https://www.idee.es/csw-inspire-idee/srv/spa/catalog.search#/metadata/%7BB0626A1A-4607-401E-8E0F-1A3

=== Seed 128/361: https://www.idee.es/csw-inspire-idee/srv/spa/catalog.search#/metadata/spaicv06_a ===

=== Seed 129/361: https://www.idee.es/csw-inspire-idee/srv/spa/catalog.search#/metadata/{91FF7A79- ===
CRAWL depth=0 hops=0 site=www.idee.es url=https://www.idee.es/csw-inspire-idee/srv/spa/catalog.search#/metadata/69473be2-38bc-4915-9aff-fd1282

=== Seed 130/361: https://www.idee.es/csw-inspire-idee/srv/spa/catalog.search#/metadata/08ed1f73-a ===
CRAWL depth=0 hops=0 site=www.idee.es url=https://www.idee.es/csw-inspire-idee/srv/spa/catalog.search#/metadata/22c0fb64-9f47-48b8-8b73-9bf535

=== Seed 131/361: https://www.idee.es/csw-inspire-idee/srv/spa/catalog.search#/metadata/{086DEA60- ===
CRAWL depth=0 hops=0 site=www.idee.es url=https://www.idee.es/csw-inspire-idee/srv/spa/catalog.search#/metadata/md_ideeu_hidrogeologico_es

=== Seed 132/361: https://www.idee.es/csw-inspire-idee/srv/spa/catalog.search#/metadata/md_ideeu_i ===
CRAWL depth=0 hops=0 site=www.idee.es url=https://www.idee.es/csw-inspire-idee/srv/spa/catalog.search#/metadata/ad5b3ed6-700c-4d85-a39c-8b0ebc
CRAWL depth=0 hops=0 site=www.idee.es url=https://www.idee.es/csw-inspire-idee/srv/spa/catalog.search#/metadata/%7B086DEA60-3BF1-4DC6-8ACA-8D5

=== Seed 133/361: https://www.idee.es/csw-inspire-idee/srv/spa/catalog.search#/metadata/3cd10003-3 ===

=== Seed 134/361: https://www.idee.es/csw-inspire-idee/srv/spa/catalog.search#/metadata/spaicv06_a ===
CRAWL depth=0 hops=0 site=www.idee.es url=https://www.idee.es/csw-inspire-idee/srv/spa/catalog.search#/metadata/md_ideeu_ramsar_es21_es

=== Seed 135/361: https://www.idee.es/csw-inspire-idee/srv/spa/catalog.search#/metadata/be8ffd4a-a ===
CRAWL depth=0 hops=0 site=www.idee.es url=https://www.idee.es/csw-inspire-idee/srv/spa/catalog.search#/metadata/d1c0b6d2-a9bd-4740-aa32-62aee3

=== Seed 136/361: https://www.idee.es/csw-inspire-idee/srv/spa/catalog.search#/metadata/{B0626A1A- ===
CRAWL depth=0 hops=0 site=www.idee.es url=https://www.idee.es/csw-inspire-idee/srv/spa/catalog.search#/metadata/1ac117ce-3226-4827-a96a-b95010

=== Seed 137/361: https://www.idee.es/csw-inspire-idee/srv/spa/catalog.search#/metadata/{616E9FE9- ===
CRAWL depth=0 hops=0 site=www.idee.es url=https://www.idee.es/csw-inspire-idee/srv/spa/catalog.search#/metadata/%7B91FF7A79-CEB3-45A7-9686-C99
CRAWL depth=0 hops=0 site=www.idee.es url=https://www.idee.es/csw-inspire-idee/srv/spa/catalog.search#/metadata/spaicv06_avsre_subcuencas_dana

=== Seed 138/361: https://www.idee.es/csw-inspire-idee/srv/spa/catalog.search#/metadata/spa_icv_es ===
CRAWL depth=0 hops=0 site=www.idee.es url=https://www.idee.es/csw-inspire-idee/srv/spa/catalog.search#/metadata/3cd10003-3962-4a8a-a5b3-58e178
CRAWL depth=0 hops=0 site=www.idee.es url=https://www.idee.es/csw-inspire-idee/srv/spa/catalog.search#/metadata/spaicv06_avsre_cauce_principal

=== Seed 139/361: https://www.idee.es/csw-inspire-idee/srv/spa/catalog.search#/metadata/glg_iet_ma ===

=== Seed 140/361: https://www.idee.es/csw-inspire-idee/srv/spa/catalog.search#/metadata/2fe651d0-d ===

=== Seed 141/361: https://www.idee.es/csw-inspire-idee/srv/spa/catalog.search#/metadata/4e67658c-c ===
CRAWL depth=0 hops=0 site=www.idee.es url=https://www.idee.es/csw-inspire-idee/srv/spa/catalog.search#/metadata/be8ffd4a-a1fb-4d8b-879e-d4e4b4

=== Seed 142/361: https://www.idee.es/csw-inspire-idee/srv/spa/catalog.search#/metadata/250d4d2f-0 ===
CRAWL depth=0 hops=0 site=www.idee.es url=https://www.idee.es/csw-inspire-idee/srv/spa/catalog.search#/metadata/08ed1f73-ae4e-4cd4-9637-01430f

=== Seed 143/361: https://www.idee.es/csw-inspire-idee/srv/spa/catalog.search#/metadata/766f3abf-4 ===
CRAWL depth=0 hops=0 site=www.idee.es url=https://www.idee.es/csw-inspire-idee/srv/spa/catalog.search#/metadata/%7B086DEA60-3BF1-4DC6-8ACA-8D5

=== Seed 144/361: https://www.idee.es/csw-inspire-idee/srv/spa/catalog.search#/metadata/{91FF7A79- ===
CRAWL depth=0 hops=0 site=www.idee.es url=https://www.idee.es/csw-inspire-idee/srv/spa/catalog.search#/metadata/md_ideeu_inundabilidad_es

=== Seed 145/361: https://www.idee.es/csw-inspire-idee/srv/spa/catalog.search#/metadata/2b1a9381-e ===
CRAWL depth=0 hops=0 site=www.idee.es url=https://www.idee.es/csw-inspire-idee/srv/spa/catalog.search#/metadata/2fe651d0-d223-463b-88fa-18fd75

=== Seed 146/361: https://www.idee.es/csw-inspire-idee/srv/spa/catalog.search#/metadata/spacm_agua ===
CRAWL depth=0 hops=0 site=www.idee.es url=https://www.idee.es/csw-inspire-idee/srv/spa/catalog.search#/metadata/glg_iet_mananciais_20160215__s
CRAWL depth=0 hops=0 site=www.idee.es url=https://www.idee.es/csw-inspire-idee/srv/spa/catalog.search#/metadata/%7B616E9FE9-B0B8-460C-9976-A3A
CRAWL depth=0 hops=0 site=www.idee.es url=https://www.idee.es/csw-inspire-idee/srv/spa/catalog.search#/metadata/spa_icv_esco_hidro
CRAWL depth=0 hops=0 site=www.idee.es url=https://www.idee.es/csw-inspire-idee/srv/spa/catalog.search#/metadata/%7BB0626A1A-4607-401E-8E0F-1A3

=== Seed 147/361: https://www.idee.es/csw-inspire-idee/srv/spa/catalog.search#/metadata/d6164a5d-8 ===

=== Seed 148/361: https://www.idee.es/csw-inspire-idee/srv/spa/catalog.search#/metadata/MD_PRODUCT ===
CRAWL depth=0 hops=0 site=www.idee.es url=https://www.idee.es/csw-inspire-idee/srv/spa/catalog.search#/metadata/766f3abf-44c9-4e93-b91d-59039c

=== Seed 149/361: https://www.idee.es/csw-inspire-idee/srv/spa/catalog.search#/metadata/md_ideeu_p ===
CRAWL depth=0 hops=0 site=www.idee.es url=https://www.idee.es/csw-inspire-idee/srv/spa/catalog.search#/metadata/4e67658c-c5e9-4f33-8942-defd81

=== Seed 150/361: https://www.idee.es/csw-inspire-idee/srv/spa/catalog.search#/metadata/md_ideeu_a ===

=== Seed 151/361: https://www.idee.es/csw-inspire-idee/srv/spa/catalog.search#/metadata/83eab121-c ===

=== Seed 152/361: https://www.idee.es/csw-inspire-idee/srv/spa/catalog.search#/metadata/c729fcc7-8 ===
CRAWL depth=0 hops=0 site=www.idee.es url=https://www.idee.es/csw-inspire-idee/srv/spa/catalog.search#/metadata/250d4d2f-0aeb-4bc5-b2c9-afad2c

=== Seed 153/361: https://www.idee.es/csw-inspire-idee/srv/spa/catalog.search#/metadata/md_ideeu_i ===
CRAWL depth=0 hops=0 site=www.idee.es url=https://www.idee.es/csw-inspire-idee/srv/spa/catalog.search#/metadata/%7B91FF7A79-CEB3-45A7-9686-C99

=== Seed 154/361: https://www.idee.es/csw-inspire-idee/srv/spa/catalog.search#/metadata/f44b098d-9 ===
CRAWL depth=0 hops=0 site=www.idee.es url=https://www.idee.es/csw-inspire-idee/srv/spa/catalog.search#/metadata/d6164a5d-8353-475d-8a2b-a6e412
CRAWL depth=0 hops=0 site=www.idee.es url=https://www.idee.es/csw-inspire-idee/srv/spa/catalog.search#/metadata/md_ideeu_perfiles_inund_es
CRAWL depth=0 hops=0 site=www.idee.es url=https://www.idee.es/csw-inspire-idee/srv/spa/catalog.search#/metadata/83eab121-c96b-480a-a88b-a64a2d
CRAWL depth=0 hops=0 site=www.idee.es url=https://www.idee.es/csw-inspire-idee/srv/spa/catalog.search#/metadata/c729fcc7-89b2-4e1e-bd9f-10466a

=== Seed 155/361: https://www.idee.es/csw-inspire-idee/srv/spa/catalog.search#/metadata/7075f135-c ===

=== Seed 156/361: https://www.idee.es/csw-inspire-idee/srv/spa/catalog.search#/metadata/md_ideeu_d ===

=== Seed 157/361: https://www.idee.es/csw-inspire-idee/srv/spa/catalog.search#/metadata/9c79a721-8 ===

=== Seed 158/361: https://www.idee.es/csw-inspire-idee/srv/spa/catalog.search#/metadata/b961d6fd-2 ===
CRAWL depth=0 hops=0 site=www.idee.es url=https://www.idee.es/csw-inspire-idee/srv/spa/catalog.search#/metadata/2b1a9381-e9dd-475b-9af5-d1c741
CRAWL depth=0 hops=0 site=www.idee.es url=https://www.idee.es/csw-inspire-idee/srv/spa/catalog.search#/metadata/md_ideeu_arpsi_capv_es

=== Seed 159/361: https://www.idee.es/csw-inspire-idee/srv/spa/catalog.search#/metadata/spacarmapa ===

=== Seed 160/361: https://www.idee.es/csw-inspire-idee/srv/spa/catalog.search#/metadata/bd167802-3 ===
CRAWL depth=0 hops=0 site=www.idee.es url=https://www.idee.es/csw-inspire-idee/srv/spa/catalog.search#/metadata/spacm_aguasub
CRAWL depth=0 hops=0 site=www.idee.es url=https://www.idee.es/csw-inspire-idee/srv/spa/catalog.search#/metadata/MD_PRODUCTO_MAPAS_MTN25_H_IGEA

=== Seed 161/361: https://www.idee.es/csw-inspire-idee/srv/spa/catalog.search#/metadata/3f4c80eb-9 ===

=== Seed 162/361: https://www.idee.es/csw-inspire-idee/srv/spa/catalog.search#/metadata/fb471e99-4 ===
CRAWL depth=0 hops=0 site=www.idee.es url=https://www.idee.es/csw-inspire-idee/srv/spa/catalog.search#/metadata/7075f135-cca3-4dc1-9595-8d4e43

=== Seed 163/361: https://www.idee.es/csw-inspire-idee/srv/spa/catalog.search#/metadata/9db5f1a4-3 ===
CRAWL depth=0 hops=0 site=www.idee.es url=https://www.idee.es/csw-inspire-idee/srv/spa/catalog.search#/metadata/md_ideeu_dp_hidraulico_es
CRAWL depth=0 hops=0 site=www.idee.es url=https://www.idee.es/csw-inspire-idee/srv/spa/catalog.search#/metadata/spacarmapageneral
CRAWL depth=0 hops=0 site=www.idee.es url=https://www.idee.es/csw-inspire-idee/srv/spa/catalog.search#/metadata/md_ideeu_infra_depuracion_es
CRAWL depth=0 hops=0 site=www.idee.es url=https://www.idee.es/csw-inspire-idee/srv/spa/catalog.search#/metadata/bd167802-3b42-450c-a846-729f55

=== Seed 164/361: https://www.idee.es/csw-inspire-idee/srv/spa/catalog.search#/metadata/7e9f0ca9-8 ===

=== Seed 165/361: https://www.idee.es/csw-inspire-idee/srv/spa/catalog.search#/metadata/sit_hid_ca ===

=== Seed 166/361: https://www.idee.es/csw-inspire-idee/srv/spa/catalog.search#/metadata/74170c7d-1 ===

=== Seed 167/361: https://www.idee.es/csw-inspire-idee/srv/spa/catalog.search#/metadata/8feff67c-f ===
CRAWL depth=0 hops=0 site=www.idee.es url=https://www.idee.es/csw-inspire-idee/srv/spa/catalog.search#/metadata/f44b098d-9a67-4ace-8ea6-a90759

=== Seed 168/361: https://www.idee.es/csw-inspire-idee/srv/spa/catalog.search#/metadata/spaicvbird ===
CRAWL depth=0 hops=0 site=www.idee.es url=https://www.idee.es/csw-inspire-idee/srv/spa/catalog.search#/metadata/b961d6fd-2eac-4cd7-b0b6-3b24da
CRAWL depth=0 hops=0 site=www.idee.es url=https://www.idee.es/csw-inspire-idee/srv/spa/catalog.search#/metadata/9c79a721-81f4-4a68-981b-4b6369

=== Seed 169/361: https://www.idee.es/csw-inspire-idee/srv/spa/catalog.search#/metadata/1c29e17b-d ===

=== Seed 170/361: https://www.idee.es/csw-inspire-idee/srv/spa/catalog.search#/metadata/md_ideeu_z ===
CRAWL depth=0 hops=0 site=www.idee.es url=https://www.idee.es/csw-inspire-idee/srv/spa/catalog.search#/metadata/3f4c80eb-9953-41ef-a956-4506fd
CRAWL depth=0 hops=0 site=www.idee.es url=https://www.idee.es/csw-inspire-idee/srv/spa/catalog.search#/metadata/7e9f0ca9-8020-414e-bc9c-5aceff

=== Seed 171/361: https://www.idee.es/csw-inspire-idee/srv/spa/catalog.search#/metadata/spaJEXtmex ===
CRAWL depth=0 hops=0 site=www.idee.es url=https://www.idee.es/csw-inspire-idee/srv/spa/catalog.search#/metadata/74170c7d-1b4e-4910-95e2-c0a666
CRAWL depth=0 hops=0 site=www.idee.es url=https://www.idee.es/csw-inspire-idee/srv/spa/catalog.search#/metadata/fb471e99-4397-4e93-a8a8-b1fe08

=== Seed 172/361: https://www.idee.es/csw-inspire-idee/srv/spa/catalog.search#/metadata/81d71b6e-f ===

=== Seed 173/361: https://www.idee.es/csw-inspire-idee/srv/spa/catalog.search#/metadata/MD_PRODUCT ===

=== Seed 174/361: https://www.idee.es/csw-inspire-idee/srv/spa/catalog.search#/metadata/5f3d1fbc-d ===
CRAWL depth=0 hops=0 site=www.idee.es url=https://www.idee.es/csw-inspire-idee/srv/spa/catalog.search#/metadata/9db5f1a4-35bb-445c-a5fe-664729

=== Seed 175/361: https://www.idee.es/csw-inspire-idee/srv/spa/catalog.search#/metadata/06afe2e6-7 ===
CRAWL depth=0 hops=0 site=www.idee.es url=https://www.idee.es/csw-inspire-idee/srv/spa/catalog.search#/metadata/sit_hid_cauces_carm_inv_tramos
CRAWL depth=0 hops=0 site=www.idee.es url=https://www.idee.es/csw-inspire-idee/srv/spa/catalog.search#/metadata/8feff67c-fcba-4ec9-bbf5-e754d8

=== Seed 176/361: https://www.idee.es/csw-inspire-idee/srv/spa/catalog.search#/metadata/md_ideeu_r ===

=== Seed 177/361: https://www.idee.es/csw-inspire-idee/srv/spa/catalog.search#/metadata/0129ff22-9 ===
CRAWL depth=0 hops=0 site=www.idee.es url=https://www.idee.es/csw-inspire-idee/srv/spa/catalog.search#/metadata/spaicvbirdwatching2015

=== Seed 178/361: https://www.idee.es/csw-inspire-idee/srv/spa/catalog.search#/metadata/spacm_cuen ===
CRAWL depth=0 hops=0 site=www.idee.es url=https://www.idee.es/csw-inspire-idee/srv/spa/catalog.search#/metadata/spaJEXtmexRios
CRAWL depth=0 hops=0 site=www.idee.es url=https://www.idee.es/csw-inspire-idee/srv/spa/catalog.search#/metadata/1c29e17b-d5f8-45ff-b9d4-330310

=== Seed 179/361: https://www.idee.es/csw-inspire-idee/srv/spa/catalog.search#/metadata/a8fd4cc7-6 ===

=== Seed 180/361: https://www.idee.es/csw-inspire-idee/srv/spa/catalog.search#/metadata/{B0626A1A- ===
CRAWL depth=0 hops=0 site=www.idee.es url=https://www.idee.es/csw-inspire-idee/srv/spa/catalog.search#/metadata/md_ideeu_zp_especial_natmed_es

=== Seed 181/361: https://www.idee.es/csw-inspire-idee/srv/spa/catalog.search#/metadata/2ecba37a-f ===
CRAWL depth=0 hops=0 site=www.idee.es url=https://www.idee.es/csw-inspire-idee/srv/spa/catalog.search#/metadata/81d71b6e-ff4e-4541-84a1-423013

=== Seed 182/361: https://www.idee.es/csw-inspire-idee/srv/spa/catalog.search#/metadata/43f9ae91-1 ===
CRAWL depth=0 hops=0 site=www.idee.es url=https://www.idee.es/csw-inspire-idee/srv/spa/catalog.search#/metadata/5f3d1fbc-dd4f-40bb-9e80-5955f9

=== Seed 183/361: https://www.idee.es/csw-inspire-idee/srv/spa/catalog.search#/metadata/9769f88d-1 ===
CRAWL depth=0 hops=0 site=www.idee.es url=https://www.idee.es/csw-inspire-idee/srv/spa/catalog.search#/metadata/06afe2e6-7875-4fd7-8978-ecd474

=== Seed 184/361: https://www.idee.es/csw-inspire-idee/srv/spa/catalog.search#/metadata/13f75af8-4 ===
CRAWL depth=0 hops=0 site=www.idee.es url=https://www.idee.es/csw-inspire-idee/srv/spa/catalog.search#/metadata/md_ideeu_riesgo_es

=== Seed 185/361: https://www.idee.es/csw-inspire-idee/srv/spa/catalog.search#/metadata/bf18d0b7-6 ===
CRAWL depth=0 hops=0 site=www.idee.es url=https://www.idee.es/csw-inspire-idee/srv/spa/catalog.search#/metadata/0129ff22-94e5-4bf4-9c50-604c5b
CRAWL depth=0 hops=0 site=www.idee.es url=https://www.idee.es/csw-inspire-idee/srv/spa/catalog.search#/metadata/%7BB0626A1A-4607-401E-8E0F-1A3

=== Seed 186/361: https://www.idee.es/csw-inspire-idee/srv/spa/catalog.search#/metadata/c60d3237-7 ===
CRAWL depth=0 hops=0 site=www.idee.es url=https://www.idee.es/csw-inspire-idee/srv/spa/catalog.search#/metadata/a8fd4cc7-63f9-4b19-8651-de64e6

=== Seed 187/361: https://www.idee.es/csw-inspire-idee/srv/spa/catalog.search#/metadata/spaicvST_r ===
CRAWL depth=0 hops=0 site=www.idee.es url=https://www.idee.es/csw-inspire-idee/srv/spa/catalog.search#/metadata/2ecba37a-f5ab-4319-af51-7b2540

=== Seed 188/361: https://www.idee.es/csw-inspire-idee/srv/spa/catalog.search#/metadata/af6b8b38-f ===

=== Seed 189/361: https://www.idee.es/csw-inspire-idee/srv/spa/catalog.search#/metadata/Hidrografí ===
CRAWL depth=0 hops=0 site=www.idee.es url=https://www.idee.es/csw-inspire-idee/srv/spa/catalog.search#/metadata/43f9ae91-165c-4b2d-b287-205730
CRAWL depth=0 hops=0 site=www.idee.es url=https://www.idee.es/csw-inspire-idee/srv/spa/catalog.search#/metadata/9769f88d-1440-4dc5-a02a-2293c2

=== Seed 190/361: https://www.idee.es/csw-inspire-idee/srv/spa/catalog.search#/metadata/26b2fe97-c ===

=== Seed 191/361: https://www.idee.es/csw-inspire-idee/srv/spa/catalog.search#/metadata/d6ea60d0-6 ===
CRAWL depth=0 hops=0 site=www.idee.es url=https://www.idee.es/csw-inspire-idee/srv/spa/catalog.search#/metadata/spacm_cuencashidro

=== Seed 192/361: https://www.idee.es/csw-inspire-idee/srv/spa/catalog.search#/metadata/sit_hid_ca ===
CRAWL depth=0 hops=0 site=www.idee.es url=https://www.idee.es/csw-inspire-idee/srv/spa/catalog.search#/metadata/MD_PRODUCTO_MAPAS_MTN50_H_CINT
CRAWL depth=0 hops=0 site=www.idee.es url=https://www.idee.es/csw-inspire-idee/srv/spa/catalog.search#/metadata/c60d3237-7665-4d63-aa71-dc9493
ERROR depth=0 url=https://www.idee.es/csw-inspire-idee/srv/spa/catalog.search#/metadata/c60d3237-7 — Error while reading from localhost:6379 : (104, 'Connection reset by peer')
CRAWL depth=0 hops=0 site=www.idee.es url=https://www.idee.es/csw-inspire-idee/srv/spa/catalog.search#/metadata/13f75af8-48de-403e-a0d9-ec1233
ERROR depth=0 url=https://www.idee.es/csw-inspire-idee/srv/spa/catalog.search#/metadata/af6b8b38-f — Page.goto: Timeout 30000ms exceeded.
Call log:
  - navigating to "https://www.idee.es/csw-inspire-idee/srv/spa/catalog.search#/metadata/af6b8b38-ffa2-4149-af36-c45db35c8631", waiting until "networkidle"

ERROR depth=0 url=https://www.idee.es/csw-inspire-idee/srv/spa/catalog.search#/metadata/Hidrografí — Page.goto: Timeout 30000ms exceeded.
Call log:
  - navigating to "https://www.idee.es/csw-inspire-idee/srv/spa/catalog.search#/metadata/Hidrograf%C3%ADa%20de%20C%C3%A1ceres%201996", waiting until "networkidle"

ERROR depth=0 url=https://www.idee.es/csw-inspire-idee/srv/spa/catalog.search#/metadata/26b2fe97-c — Page.goto: Timeout 30000ms exceeded.
Call log:
  - navigating to "https://www.idee.es/csw-inspire-idee/srv/spa/catalog.search#/metadata/26b2fe97-c3fc-4dcc-818b-cc81d242f080", waiting until "networkidle"

CRAWL depth=0 hops=0 site=www.idee.es url=https://www.idee.es/csw-inspire-idee/srv/spa/catalog.search#/metadata/bf18d0b7-67cb-4526-ab04-854a67
CRAWL depth=0 hops=0 site=www.idee.es url=https://www.idee.es/csw-inspire-idee/srv/spa/catalog.search#/metadata/spaicvST_recarga_acuiferos
CRAWL depth=0 hops=0 site=www.idee.es url=https://www.idee.es/csw-inspire-idee/srv/spa/catalog.search#/metadata/d6ea60d0-651e-416e-9199-ad38bd
CRAWL depth=0 hops=0 site=www.idee.es url=https://www.idee.es/csw-inspire-idee/srv/spa/catalog.search#/metadata/sit_hid_cauces_carm_inv_rio_se

=== Seed 193/361: https://www.idee.es/csw-inspire-idee/srv/spa/catalog.search#/metadata/sit_hid_ca ===

=== Seed 194/361: https://www.idee.es/csw-inspire-idee/srv/spa/catalog.search#/metadata/spaSITNAIN ===
